2019-02-11 10:08:53,781 [Worker-4: Updating Maven Dependencies] INFO  o.e.m.c.i.l.LifecycleMappingFactory - Using org.eclipse.m2e.jdt.JarLifecycleMapping lifecycle mapping for MavenProject: edu.aspire:PSSBook:1 @ D:\MICROSERVICES ADVANCED\MicroservicesAPIGatewaysWorkspace2\BookingFlightTickets\pom.xml.
2019-02-11 10:08:54,125 [Worker-0: Building workspace] INFO  o.e.m.c.i.l.LifecycleMappingFactory - Using org.eclipse.m2e.jdt.JarLifecycleMapping lifecycle mapping for MavenProject: edu.aspire:PSSBook:1 @ D:\MICROSERVICES ADVANCED\MicroservicesAPIGatewaysWorkspace2\BookingFlightTickets\pom.xml.
2019-02-11 10:09:11,404 [Worker-0: Building workspace] INFO  o.e.m.c.i.embedder.EclipseLogger - Using 'UTF-8' encoding to copy filtered resources.
2019-02-11 10:09:11,472 [Worker-0: Building workspace] INFO  o.e.m.c.i.embedder.EclipseLogger - Copying 0 resource
2019-02-11 10:09:11,475 [Worker-0: Building workspace] INFO  o.e.m.c.i.embedder.EclipseLogger - Copying 1 resource
2019-02-11 10:09:11,524 [Worker-0: Building workspace] INFO  o.e.m.c.i.embedder.EclipseLogger - Using 'UTF-8' encoding to copy filtered resources.
2019-02-11 10:09:11,524 [Worker-0: Building workspace] INFO  o.e.m.c.i.embedder.EclipseLogger - skip non existing resourceDirectory D:\MICROSERVICES ADVANCED\MicroservicesAPIGatewaysWorkspace2\BookingFlightTickets\src\test\resources
2019-02-11 10:09:15,673 [Worker-0: Building workspace] INFO  o.e.m.c.i.l.LifecycleMappingFactory - Using org.eclipse.m2e.jdt.JarLifecycleMapping lifecycle mapping for MavenProject: edu.aspire:CheckInCustomers:1 @ D:\MICROSERVICES ADVANCED\MicroservicesAPIGatewaysWorkspace2\CheckInCustomers\pom.xml.
2019-02-11 10:09:18,688 [Worker-0: Building workspace] INFO  o.e.m.c.i.embedder.EclipseLogger - Using 'UTF-8' encoding to copy filtered resources.
2019-02-11 10:09:18,689 [Worker-0: Building workspace] INFO  o.e.m.c.i.embedder.EclipseLogger - Copying 0 resource
2019-02-11 10:09:18,691 [Worker-0: Building workspace] INFO  o.e.m.c.i.embedder.EclipseLogger - Copying 1 resource
2019-02-11 10:09:18,698 [Worker-0: Building workspace] INFO  o.e.m.c.i.embedder.EclipseLogger - Using 'UTF-8' encoding to copy filtered resources.
2019-02-11 10:09:18,698 [Worker-0: Building workspace] INFO  o.e.m.c.i.embedder.EclipseLogger - skip non existing resourceDirectory D:\MICROSERVICES ADVANCED\MicroservicesAPIGatewaysWorkspace2\CheckInCustomers\src\test\resources
2019-02-11 10:09:19,445 [Worker-0: Building workspace] INFO  o.e.m.c.i.l.LifecycleMappingFactory - Using org.eclipse.m2e.jdt.JarLifecycleMapping lifecycle mapping for MavenProject: edu.aspire:ConfigServer:1 @ D:\MICROSERVICES ADVANCED\MicroservicesAPIGatewaysWorkspace2\ConfigServer\pom.xml.
2019-02-11 10:09:21,574 [Worker-0: Building workspace] INFO  o.e.m.c.i.embedder.EclipseLogger - Using 'UTF-8' encoding to copy filtered resources.
2019-02-11 10:09:21,575 [Worker-0: Building workspace] INFO  o.e.m.c.i.embedder.EclipseLogger - Copying 0 resource
2019-02-11 10:09:21,575 [Worker-0: Building workspace] INFO  o.e.m.c.i.embedder.EclipseLogger - Copying 1 resource
2019-02-11 10:09:21,579 [Worker-0: Building workspace] INFO  o.e.m.c.i.embedder.EclipseLogger - Using 'UTF-8' encoding to copy filtered resources.
2019-02-11 10:09:21,579 [Worker-0: Building workspace] INFO  o.e.m.c.i.embedder.EclipseLogger - skip non existing resourceDirectory D:\MICROSERVICES ADVANCED\MicroservicesAPIGatewaysWorkspace2\ConfigServer\src\test\resources
2019-02-11 10:09:22,800 [Worker-0: Building workspace] INFO  o.e.m.c.i.l.LifecycleMappingFactory - Using org.eclipse.m2e.jdt.JarLifecycleMapping lifecycle mapping for MavenProject: edu.aspire:EurekaServer:1 @ D:\MICROSERVICES ADVANCED\MicroservicesAPIGatewaysWorkspace2\EurekaServer\pom.xml.
2019-02-11 10:09:27,900 [Worker-0: Building workspace] INFO  o.e.m.c.i.embedder.EclipseLogger - Using 'UTF-8' encoding to copy filtered resources.
2019-02-11 10:09:27,902 [Worker-0: Building workspace] INFO  o.e.m.c.i.embedder.EclipseLogger - Copying 0 resource
2019-02-11 10:09:27,903 [Worker-0: Building workspace] INFO  o.e.m.c.i.embedder.EclipseLogger - Copying 1 resource
2019-02-11 10:09:27,909 [Worker-0: Building workspace] INFO  o.e.m.c.i.embedder.EclipseLogger - Using 'UTF-8' encoding to copy filtered resources.
2019-02-11 10:09:27,910 [Worker-0: Building workspace] INFO  o.e.m.c.i.embedder.EclipseLogger - skip non existing resourceDirectory D:\MICROSERVICES ADVANCED\MicroservicesAPIGatewaysWorkspace2\EurekaServer\src\test\resources
2019-02-11 10:09:28,940 [Worker-0: Building workspace] INFO  o.e.m.c.i.l.LifecycleMappingFactory - Using org.eclipse.m2e.jdt.JarLifecycleMapping lifecycle mapping for MavenProject: edu.aspire:FaresFlightTickets:1 @ D:\MICROSERVICES ADVANCED\MicroservicesAPIGatewaysWorkspace2\FaresFlightTickets\pom.xml.
2019-02-11 10:09:33,568 [Worker-0: Building workspace] INFO  o.e.m.c.i.embedder.EclipseLogger - Using 'UTF-8' encoding to copy filtered resources.
2019-02-11 10:09:33,568 [Worker-0: Building workspace] INFO  o.e.m.c.i.embedder.EclipseLogger - Copying 0 resource
2019-02-11 10:09:33,568 [Worker-0: Building workspace] INFO  o.e.m.c.i.embedder.EclipseLogger - Copying 1 resource
2019-02-11 10:09:33,594 [Worker-0: Building workspace] INFO  o.e.m.c.i.embedder.EclipseLogger - Using 'UTF-8' encoding to copy filtered resources.
2019-02-11 10:09:33,594 [Worker-0: Building workspace] INFO  o.e.m.c.i.embedder.EclipseLogger - skip non existing resourceDirectory D:\MICROSERVICES ADVANCED\MicroservicesAPIGatewaysWorkspace2\FaresFlightTickets\src\test\resources
2019-02-11 10:09:34,477 [Worker-0: Building workspace] INFO  o.e.m.c.i.l.LifecycleMappingFactory - Using org.eclipse.m2e.jdt.JarLifecycleMapping lifecycle mapping for MavenProject: edu.aspire:FaresFlightTickets:1 @ D:\MICROSERVICES ADVANCED\MicroservicesAPIGatewaysWorkspace2\FaresFlightTickets2\pom.xml.
2019-02-11 10:09:38,191 [Worker-0: Building workspace] INFO  o.e.m.c.i.embedder.EclipseLogger - Using 'UTF-8' encoding to copy filtered resources.
2019-02-11 10:09:38,191 [Worker-0: Building workspace] INFO  o.e.m.c.i.embedder.EclipseLogger - Copying 0 resource
2019-02-11 10:09:38,191 [Worker-0: Building workspace] INFO  o.e.m.c.i.embedder.EclipseLogger - Copying 1 resource
2019-02-11 10:09:38,198 [Worker-0: Building workspace] INFO  o.e.m.c.i.embedder.EclipseLogger - Using 'UTF-8' encoding to copy filtered resources.
2019-02-11 10:09:38,198 [Worker-0: Building workspace] INFO  o.e.m.c.i.embedder.EclipseLogger - skip non existing resourceDirectory D:\MICROSERVICES ADVANCED\MicroservicesAPIGatewaysWorkspace2\FaresFlightTickets2\src\test\resources
2019-02-11 10:09:39,168 [Worker-0: Building workspace] INFO  o.e.m.c.i.l.LifecycleMappingFactory - Using org.eclipse.m2e.jdt.JarLifecycleMapping lifecycle mapping for MavenProject: edu.aspire:FlightsWebSite:1 @ D:\MICROSERVICES ADVANCED\MicroservicesAPIGatewaysWorkspace2\FlightsWebSite\pom.xml.
2019-02-11 10:09:42,176 [Worker-0: Building workspace] INFO  o.e.m.c.i.embedder.EclipseLogger - Using 'UTF-8' encoding to copy filtered resources.
2019-02-11 10:09:42,176 [Worker-0: Building workspace] INFO  o.e.m.c.i.embedder.EclipseLogger - Copying 0 resource
2019-02-11 10:09:42,177 [Worker-0: Building workspace] INFO  o.e.m.c.i.embedder.EclipseLogger - Copying 8 resources
2019-02-11 10:09:42,236 [Worker-0: Building workspace] INFO  o.e.m.c.i.embedder.EclipseLogger - Using 'UTF-8' encoding to copy filtered resources.
2019-02-11 10:09:42,236 [Worker-0: Building workspace] INFO  o.e.m.c.i.embedder.EclipseLogger - skip non existing resourceDirectory D:\MICROSERVICES ADVANCED\MicroservicesAPIGatewaysWorkspace2\FlightsWebSite\src\test\resources
2019-02-11 10:09:43,171 [Worker-0: Building workspace] INFO  o.e.m.c.i.l.LifecycleMappingFactory - Using org.eclipse.m2e.jdt.JarLifecycleMapping lifecycle mapping for MavenProject: edu.aspire:SearchFlightTickets:1 @ D:\MICROSERVICES ADVANCED\MicroservicesAPIGatewaysWorkspace2\SearchFlightTickets\pom.xml.
2019-02-11 10:09:45,937 [Worker-0: Building workspace] INFO  o.e.m.c.i.embedder.EclipseLogger - Using 'UTF-8' encoding to copy filtered resources.
2019-02-11 10:09:45,938 [Worker-0: Building workspace] INFO  o.e.m.c.i.embedder.EclipseLogger - Copying 0 resource
2019-02-11 10:09:45,938 [Worker-0: Building workspace] INFO  o.e.m.c.i.embedder.EclipseLogger - Copying 1 resource
2019-02-11 10:09:45,949 [Worker-0: Building workspace] INFO  o.e.m.c.i.embedder.EclipseLogger - Using 'UTF-8' encoding to copy filtered resources.
2019-02-11 10:09:45,949 [Worker-0: Building workspace] INFO  o.e.m.c.i.embedder.EclipseLogger - skip non existing resourceDirectory D:\MICROSERVICES ADVANCED\MicroservicesAPIGatewaysWorkspace2\SearchFlightTickets\src\test\resources
2019-02-11 10:09:46,685 [Worker-0: Building workspace] INFO  o.e.m.c.i.l.LifecycleMappingFactory - Using org.eclipse.m2e.jdt.JarLifecycleMapping lifecycle mapping for MavenProject: edu.aspire:search-apigateway:1 @ D:\MICROSERVICES ADVANCED\MicroservicesAPIGatewaysWorkspace2\booking-apigateway\pom.xml.
2019-02-11 10:09:50,212 [Worker-0: Building workspace] INFO  o.e.m.c.i.embedder.EclipseLogger - Using 'UTF-8' encoding to copy filtered resources.
2019-02-11 10:09:50,212 [Worker-0: Building workspace] INFO  o.e.m.c.i.embedder.EclipseLogger - Copying 0 resource
2019-02-11 10:09:50,213 [Worker-0: Building workspace] INFO  o.e.m.c.i.embedder.EclipseLogger - Copying 1 resource
2019-02-11 10:09:50,224 [Worker-0: Building workspace] INFO  o.e.m.c.i.embedder.EclipseLogger - Using 'UTF-8' encoding to copy filtered resources.
2019-02-11 10:09:50,224 [Worker-0: Building workspace] INFO  o.e.m.c.i.embedder.EclipseLogger - skip non existing resourceDirectory D:\MICROSERVICES ADVANCED\MicroservicesAPIGatewaysWorkspace2\booking-apigateway\src\test\resources
2019-02-11 10:09:50,910 [Worker-0: Building workspace] INFO  o.e.m.c.i.l.LifecycleMappingFactory - Using org.eclipse.m2e.jdt.JarLifecycleMapping lifecycle mapping for MavenProject: edu.aspire:search-apigateway:1 @ D:\MICROSERVICES ADVANCED\MicroservicesAPIGatewaysWorkspace2\checkin-apigateway\pom.xml.
2019-02-11 10:09:54,102 [Worker-0: Building workspace] INFO  o.e.m.c.i.embedder.EclipseLogger - Using 'UTF-8' encoding to copy filtered resources.
2019-02-11 10:09:54,102 [Worker-0: Building workspace] INFO  o.e.m.c.i.embedder.EclipseLogger - Copying 0 resource
2019-02-11 10:09:54,102 [Worker-0: Building workspace] INFO  o.e.m.c.i.embedder.EclipseLogger - Copying 1 resource
2019-02-11 10:09:54,108 [Worker-0: Building workspace] INFO  o.e.m.c.i.embedder.EclipseLogger - Using 'UTF-8' encoding to copy filtered resources.
2019-02-11 10:09:54,109 [Worker-0: Building workspace] INFO  o.e.m.c.i.embedder.EclipseLogger - skip non existing resourceDirectory D:\MICROSERVICES ADVANCED\MicroservicesAPIGatewaysWorkspace2\checkin-apigateway\src\test\resources
2019-02-11 10:09:54,960 [Worker-0: Building workspace] INFO  o.e.m.c.i.l.LifecycleMappingFactory - Using org.eclipse.m2e.jdt.JarLifecycleMapping lifecycle mapping for MavenProject: edu.aspire:search-apigateway:1 @ D:\MICROSERVICES ADVANCED\MicroservicesAPIGatewaysWorkspace2\common-apigateway\pom.xml.
2019-02-11 10:09:57,176 [Worker-0: Building workspace] INFO  o.e.m.c.i.embedder.EclipseLogger - Using 'UTF-8' encoding to copy filtered resources.
2019-02-11 10:09:57,176 [Worker-0: Building workspace] INFO  o.e.m.c.i.embedder.EclipseLogger - Copying 0 resource
2019-02-11 10:09:57,177 [Worker-0: Building workspace] INFO  o.e.m.c.i.embedder.EclipseLogger - Copying 1 resource
2019-02-11 10:09:57,184 [Worker-0: Building workspace] INFO  o.e.m.c.i.embedder.EclipseLogger - Using 'UTF-8' encoding to copy filtered resources.
2019-02-11 10:09:57,184 [Worker-0: Building workspace] INFO  o.e.m.c.i.embedder.EclipseLogger - skip non existing resourceDirectory D:\MICROSERVICES ADVANCED\MicroservicesAPIGatewaysWorkspace2\common-apigateway\src\test\resources
2019-02-11 10:09:57,783 [Worker-0: Building workspace] INFO  o.e.m.c.i.l.LifecycleMappingFactory - Using org.eclipse.m2e.jdt.JarLifecycleMapping lifecycle mapping for MavenProject: edu.aspire:search-apigateway:1 @ D:\MICROSERVICES ADVANCED\MicroservicesAPIGatewaysWorkspace2\search-apigateway\pom.xml.
2019-02-11 10:09:59,506 [Worker-0: Building workspace] INFO  o.e.m.c.i.embedder.EclipseLogger - Using 'UTF-8' encoding to copy filtered resources.
2019-02-11 10:09:59,506 [Worker-0: Building workspace] INFO  o.e.m.c.i.embedder.EclipseLogger - Copying 0 resource
2019-02-11 10:09:59,506 [Worker-0: Building workspace] INFO  o.e.m.c.i.embedder.EclipseLogger - Copying 1 resource
2019-02-11 10:09:59,510 [Worker-0: Building workspace] INFO  o.e.m.c.i.embedder.EclipseLogger - Using 'UTF-8' encoding to copy filtered resources.
2019-02-11 10:09:59,510 [Worker-0: Building workspace] INFO  o.e.m.c.i.embedder.EclipseLogger - skip non existing resourceDirectory D:\MICROSERVICES ADVANCED\MicroservicesAPIGatewaysWorkspace2\search-apigateway\src\test\resources
2019-02-11 10:10:00,358 [Worker-0: Building workspace] INFO  o.e.m.c.i.l.LifecycleMappingFactory - Using org.eclipse.m2e.jdt.JarLifecycleMapping lifecycle mapping for MavenProject: com.javainuse:spring-boot-admin:0.0.1-SNAPSHOT @ D:\MICROSERVICES ADVANCED\MicroservicesAPIGatewaysWorkspace2\spring-boot-admin\pom.xml.
2019-02-11 10:10:02,668 [Worker-0: Building workspace] INFO  o.e.m.c.i.embedder.EclipseLogger - Using 'UTF-8' encoding to copy filtered resources.
2019-02-11 10:10:02,669 [Worker-0: Building workspace] INFO  o.e.m.c.i.embedder.EclipseLogger - Copying 1 resource
2019-02-11 10:10:02,685 [Worker-0: Building workspace] INFO  o.e.m.c.i.embedder.EclipseLogger - Copying 0 resource
2019-02-11 10:10:02,689 [Worker-0: Building workspace] INFO  o.e.m.c.i.embedder.EclipseLogger - Using 'UTF-8' encoding to copy filtered resources.
2019-02-11 10:10:02,689 [Worker-0: Building workspace] INFO  o.e.m.c.i.embedder.EclipseLogger - skip non existing resourceDirectory D:\MICROSERVICES ADVANCED\MicroservicesAPIGatewaysWorkspace2\spring-boot-admin\src\test\resources
2019-02-11 10:10:14,709 [Worker-2: Updating Maven Dependencies] INFO  o.e.m.c.i.l.LifecycleMappingFactory - Using org.eclipse.m2e.jdt.JarLifecycleMapping lifecycle mapping for MavenProject: edu.aspire:PSSBook:1 @ D:\MICROSERVICES ADVANCED\MicroservicesAPIGatewaysWorkspace2\BookingFlightTickets\pom.xml.
2019-02-11 10:10:14,738 [Worker-7: Building workspace] INFO  o.e.m.c.i.embedder.EclipseLogger - Using 'UTF-8' encoding to copy filtered resources.
2019-02-11 10:10:14,793 [Worker-7: Building workspace] INFO  o.e.m.c.i.embedder.EclipseLogger - Copying 0 resource
2019-02-11 10:10:14,797 [Worker-7: Building workspace] INFO  o.e.m.c.i.embedder.EclipseLogger - Copying 1 resource
2019-02-11 10:10:14,814 [Worker-7: Building workspace] INFO  o.e.m.c.i.embedder.EclipseLogger - Using 'UTF-8' encoding to copy filtered resources.
2019-02-11 10:10:14,814 [Worker-7: Building workspace] INFO  o.e.m.c.i.embedder.EclipseLogger - skip non existing resourceDirectory D:\MICROSERVICES ADVANCED\MicroservicesAPIGatewaysWorkspace2\BookingFlightTickets\src\test\resources
2019-02-11 10:10:19,057 [Worker-2: Updating Maven Dependencies] INFO  o.e.m.c.i.l.LifecycleMappingFactory - Using org.eclipse.m2e.jdt.JarLifecycleMapping lifecycle mapping for MavenProject: edu.aspire:CheckInCustomers:1 @ D:\MICROSERVICES ADVANCED\MicroservicesAPIGatewaysWorkspace2\CheckInCustomers\pom.xml.
2019-02-11 10:10:19,719 [Worker-2: Updating Maven Dependencies] INFO  o.e.m.c.i.l.LifecycleMappingFactory - Using org.eclipse.m2e.jdt.JarLifecycleMapping lifecycle mapping for MavenProject: edu.aspire:ConfigServer:1 @ D:\MICROSERVICES ADVANCED\MicroservicesAPIGatewaysWorkspace2\ConfigServer\pom.xml.
2019-02-11 10:10:20,165 [Worker-2: Updating Maven Dependencies] INFO  o.e.m.c.i.l.LifecycleMappingFactory - Using org.eclipse.m2e.jdt.JarLifecycleMapping lifecycle mapping for MavenProject: edu.aspire:EurekaServer:1 @ D:\MICROSERVICES ADVANCED\MicroservicesAPIGatewaysWorkspace2\EurekaServer\pom.xml.
2019-02-11 10:10:20,350 [Worker-7: Building workspace] INFO  o.e.m.c.i.embedder.EclipseLogger - Using 'UTF-8' encoding to copy filtered resources.
2019-02-11 10:10:20,352 [Worker-7: Building workspace] INFO  o.e.m.c.i.embedder.EclipseLogger - Copying 0 resource
2019-02-11 10:10:20,353 [Worker-7: Building workspace] INFO  o.e.m.c.i.embedder.EclipseLogger - Copying 1 resource
2019-02-11 10:10:20,365 [Worker-7: Building workspace] INFO  o.e.m.c.i.embedder.EclipseLogger - Using 'UTF-8' encoding to copy filtered resources.
2019-02-11 10:10:20,365 [Worker-7: Building workspace] INFO  o.e.m.c.i.embedder.EclipseLogger - skip non existing resourceDirectory D:\MICROSERVICES ADVANCED\MicroservicesAPIGatewaysWorkspace2\CheckInCustomers\src\test\resources
2019-02-11 10:10:20,864 [Worker-2: Updating Maven Dependencies] INFO  o.e.m.c.i.l.LifecycleMappingFactory - Using org.eclipse.m2e.jdt.JarLifecycleMapping lifecycle mapping for MavenProject: edu.aspire:FaresFlightTickets:1 @ D:\MICROSERVICES ADVANCED\MicroservicesAPIGatewaysWorkspace2\FaresFlightTickets\pom.xml.
2019-02-11 10:10:21,418 [Worker-7: Building workspace] INFO  o.e.m.c.i.embedder.EclipseLogger - Using 'UTF-8' encoding to copy filtered resources.
2019-02-11 10:10:21,419 [Worker-7: Building workspace] INFO  o.e.m.c.i.embedder.EclipseLogger - Copying 0 resource
2019-02-11 10:10:21,421 [Worker-7: Building workspace] INFO  o.e.m.c.i.embedder.EclipseLogger - Copying 1 resource
2019-02-11 10:10:21,429 [Worker-7: Building workspace] INFO  o.e.m.c.i.embedder.EclipseLogger - Using 'UTF-8' encoding to copy filtered resources.
2019-02-11 10:10:21,430 [Worker-7: Building workspace] INFO  o.e.m.c.i.embedder.EclipseLogger - skip non existing resourceDirectory D:\MICROSERVICES ADVANCED\MicroservicesAPIGatewaysWorkspace2\ConfigServer\src\test\resources
2019-02-11 10:10:21,465 [Worker-2: Updating Maven Dependencies] INFO  o.e.m.c.i.l.LifecycleMappingFactory - Using org.eclipse.m2e.jdt.JarLifecycleMapping lifecycle mapping for MavenProject: edu.aspire:FaresFlightTickets:1 @ D:\MICROSERVICES ADVANCED\MicroservicesAPIGatewaysWorkspace2\FaresFlightTickets2\pom.xml.
2019-02-11 10:10:22,070 [Worker-2: Updating Maven Dependencies] INFO  o.e.m.c.i.l.LifecycleMappingFactory - Using org.eclipse.m2e.jdt.JarLifecycleMapping lifecycle mapping for MavenProject: edu.aspire:FlightsWebSite:1 @ D:\MICROSERVICES ADVANCED\MicroservicesAPIGatewaysWorkspace2\FlightsWebSite\pom.xml.
2019-02-11 10:10:22,790 [Worker-2: Updating Maven Dependencies] INFO  o.e.m.c.i.l.LifecycleMappingFactory - Using org.eclipse.m2e.jdt.JarLifecycleMapping lifecycle mapping for MavenProject: edu.aspire:SearchFlightTickets:1 @ D:\MICROSERVICES ADVANCED\MicroservicesAPIGatewaysWorkspace2\SearchFlightTickets\pom.xml.
2019-02-11 10:10:23,529 [Worker-2: Updating Maven Dependencies] INFO  o.e.m.c.i.l.LifecycleMappingFactory - Using org.eclipse.m2e.jdt.JarLifecycleMapping lifecycle mapping for MavenProject: edu.aspire:search-apigateway:1 @ D:\MICROSERVICES ADVANCED\MicroservicesAPIGatewaysWorkspace2\booking-apigateway\pom.xml.
2019-02-11 10:10:23,949 [Worker-7: Building workspace] INFO  o.e.m.c.i.embedder.EclipseLogger - Using 'UTF-8' encoding to copy filtered resources.
2019-02-11 10:10:23,949 [Worker-7: Building workspace] INFO  o.e.m.c.i.embedder.EclipseLogger - Copying 0 resource
2019-02-11 10:10:23,951 [Worker-7: Building workspace] INFO  o.e.m.c.i.embedder.EclipseLogger - Copying 1 resource
2019-02-11 10:10:23,959 [Worker-7: Building workspace] INFO  o.e.m.c.i.embedder.EclipseLogger - Using 'UTF-8' encoding to copy filtered resources.
2019-02-11 10:10:23,959 [Worker-7: Building workspace] INFO  o.e.m.c.i.embedder.EclipseLogger - skip non existing resourceDirectory D:\MICROSERVICES ADVANCED\MicroservicesAPIGatewaysWorkspace2\EurekaServer\src\test\resources
2019-02-11 10:10:24,579 [Worker-2: Updating Maven Dependencies] INFO  o.e.m.c.i.l.LifecycleMappingFactory - Using org.eclipse.m2e.jdt.JarLifecycleMapping lifecycle mapping for MavenProject: edu.aspire:search-apigateway:1 @ D:\MICROSERVICES ADVANCED\MicroservicesAPIGatewaysWorkspace2\checkin-apigateway\pom.xml.
2019-02-11 10:10:25,123 [Worker-2: Updating Maven Dependencies] INFO  o.e.m.c.i.l.LifecycleMappingFactory - Using org.eclipse.m2e.jdt.JarLifecycleMapping lifecycle mapping for MavenProject: edu.aspire:search-apigateway:1 @ D:\MICROSERVICES ADVANCED\MicroservicesAPIGatewaysWorkspace2\common-apigateway\pom.xml.
2019-02-11 10:10:25,736 [Worker-2: Updating Maven Dependencies] INFO  o.e.m.c.i.l.LifecycleMappingFactory - Using org.eclipse.m2e.jdt.JarLifecycleMapping lifecycle mapping for MavenProject: edu.aspire:search-apigateway:1 @ D:\MICROSERVICES ADVANCED\MicroservicesAPIGatewaysWorkspace2\search-apigateway\pom.xml.
2019-02-11 10:10:26,520 [Worker-2: Updating Maven Dependencies] INFO  o.e.m.c.i.l.LifecycleMappingFactory - Using org.eclipse.m2e.jdt.JarLifecycleMapping lifecycle mapping for MavenProject: com.javainuse:spring-boot-admin:0.0.1-SNAPSHOT @ D:\MICROSERVICES ADVANCED\MicroservicesAPIGatewaysWorkspace2\spring-boot-admin\pom.xml.
2019-02-11 10:10:27,248 [Worker-7: Building workspace] INFO  o.e.m.c.i.embedder.EclipseLogger - Using 'UTF-8' encoding to copy filtered resources.
2019-02-11 10:10:27,266 [Worker-7: Building workspace] INFO  o.e.m.c.i.embedder.EclipseLogger - Copying 0 resource
2019-02-11 10:10:27,268 [Worker-7: Building workspace] INFO  o.e.m.c.i.embedder.EclipseLogger - Copying 1 resource
2019-02-11 10:10:27,299 [Worker-7: Building workspace] INFO  o.e.m.c.i.embedder.EclipseLogger - Using 'UTF-8' encoding to copy filtered resources.
2019-02-11 10:10:27,300 [Worker-7: Building workspace] INFO  o.e.m.c.i.embedder.EclipseLogger - skip non existing resourceDirectory D:\MICROSERVICES ADVANCED\MicroservicesAPIGatewaysWorkspace2\FaresFlightTickets\src\test\resources
2019-02-11 10:10:44,198 [Worker-10: Building workspace] INFO  o.e.m.c.i.embedder.EclipseLogger - Using 'UTF-8' encoding to copy filtered resources.
2019-02-11 10:10:44,200 [Worker-10: Building workspace] INFO  o.e.m.c.i.embedder.EclipseLogger - Copying 0 resource
2019-02-11 10:10:44,202 [Worker-10: Building workspace] INFO  o.e.m.c.i.embedder.EclipseLogger - Copying 1 resource
2019-02-11 10:10:44,207 [Worker-10: Building workspace] INFO  o.e.m.c.i.embedder.EclipseLogger - Using 'UTF-8' encoding to copy filtered resources.
2019-02-11 10:10:44,207 [Worker-10: Building workspace] INFO  o.e.m.c.i.embedder.EclipseLogger - skip non existing resourceDirectory D:\MICROSERVICES ADVANCED\MicroservicesAPIGatewaysWorkspace2\BookingFlightTickets\src\test\resources
2019-02-11 10:10:45,889 [Worker-10: Building workspace] INFO  o.e.m.c.i.embedder.EclipseLogger - Using 'UTF-8' encoding to copy filtered resources.
2019-02-11 10:10:45,894 [Worker-10: Building workspace] INFO  o.e.m.c.i.embedder.EclipseLogger - Copying 0 resource
2019-02-11 10:10:45,896 [Worker-10: Building workspace] INFO  o.e.m.c.i.embedder.EclipseLogger - Copying 1 resource
2019-02-11 10:10:45,900 [Worker-10: Building workspace] INFO  o.e.m.c.i.embedder.EclipseLogger - Using 'UTF-8' encoding to copy filtered resources.
2019-02-11 10:10:45,901 [Worker-10: Building workspace] INFO  o.e.m.c.i.embedder.EclipseLogger - skip non existing resourceDirectory D:\MICROSERVICES ADVANCED\MicroservicesAPIGatewaysWorkspace2\CheckInCustomers\src\test\resources
2019-02-11 10:10:46,559 [Worker-10: Building workspace] INFO  o.e.m.c.i.embedder.EclipseLogger - Using 'UTF-8' encoding to copy filtered resources.
2019-02-11 10:10:46,565 [Worker-10: Building workspace] INFO  o.e.m.c.i.embedder.EclipseLogger - Copying 0 resource
2019-02-11 10:10:46,566 [Worker-10: Building workspace] INFO  o.e.m.c.i.embedder.EclipseLogger - Copying 1 resource
2019-02-11 10:10:46,570 [Worker-10: Building workspace] INFO  o.e.m.c.i.embedder.EclipseLogger - Using 'UTF-8' encoding to copy filtered resources.
2019-02-11 10:10:46,570 [Worker-10: Building workspace] INFO  o.e.m.c.i.embedder.EclipseLogger - skip non existing resourceDirectory D:\MICROSERVICES ADVANCED\MicroservicesAPIGatewaysWorkspace2\ConfigServer\src\test\resources
2019-02-11 10:10:48,035 [Worker-10: Building workspace] INFO  o.e.m.c.i.embedder.EclipseLogger - Using 'UTF-8' encoding to copy filtered resources.
2019-02-11 10:10:48,036 [Worker-10: Building workspace] INFO  o.e.m.c.i.embedder.EclipseLogger - Copying 0 resource
2019-02-11 10:10:48,036 [Worker-10: Building workspace] INFO  o.e.m.c.i.embedder.EclipseLogger - Copying 1 resource
2019-02-11 10:10:48,038 [Worker-10: Building workspace] INFO  o.e.m.c.i.embedder.EclipseLogger - Using 'UTF-8' encoding to copy filtered resources.
2019-02-11 10:10:48,039 [Worker-10: Building workspace] INFO  o.e.m.c.i.embedder.EclipseLogger - skip non existing resourceDirectory D:\MICROSERVICES ADVANCED\MicroservicesAPIGatewaysWorkspace2\EurekaServer\src\test\resources
2019-02-11 10:10:49,898 [Worker-10: Building workspace] INFO  o.e.m.c.i.embedder.EclipseLogger - Using 'UTF-8' encoding to copy filtered resources.
2019-02-11 10:10:49,899 [Worker-10: Building workspace] INFO  o.e.m.c.i.embedder.EclipseLogger - Copying 0 resource
2019-02-11 10:10:49,900 [Worker-10: Building workspace] INFO  o.e.m.c.i.embedder.EclipseLogger - Copying 1 resource
2019-02-11 10:10:49,902 [Worker-10: Building workspace] INFO  o.e.m.c.i.embedder.EclipseLogger - Using 'UTF-8' encoding to copy filtered resources.
2019-02-11 10:10:49,902 [Worker-10: Building workspace] INFO  o.e.m.c.i.embedder.EclipseLogger - skip non existing resourceDirectory D:\MICROSERVICES ADVANCED\MicroservicesAPIGatewaysWorkspace2\FaresFlightTickets\src\test\resources
2019-02-11 10:11:01,888 [Worker-10: Building workspace] INFO  o.e.m.c.i.embedder.EclipseLogger - Using 'UTF-8' encoding to copy filtered resources.
2019-02-11 10:11:01,890 [Worker-10: Building workspace] INFO  o.e.m.c.i.embedder.EclipseLogger - Copying 0 resource
2019-02-11 10:11:01,893 [Worker-10: Building workspace] INFO  o.e.m.c.i.embedder.EclipseLogger - Copying 1 resource
2019-02-11 10:11:01,898 [Worker-10: Building workspace] INFO  o.e.m.c.i.embedder.EclipseLogger - Using 'UTF-8' encoding to copy filtered resources.
2019-02-11 10:11:01,899 [Worker-10: Building workspace] INFO  o.e.m.c.i.embedder.EclipseLogger - skip non existing resourceDirectory D:\MICROSERVICES ADVANCED\MicroservicesAPIGatewaysWorkspace2\FaresFlightTickets2\src\test\resources
2019-02-11 10:11:10,035 [Worker-10: Building workspace] INFO  o.e.m.c.i.embedder.EclipseLogger - Using 'UTF-8' encoding to copy filtered resources.
2019-02-11 10:11:10,036 [Worker-10: Building workspace] INFO  o.e.m.c.i.embedder.EclipseLogger - Copying 0 resource
2019-02-11 10:11:10,037 [Worker-10: Building workspace] INFO  o.e.m.c.i.embedder.EclipseLogger - Copying 8 resources
2019-02-11 10:11:10,077 [Worker-10: Building workspace] INFO  o.e.m.c.i.embedder.EclipseLogger - Using 'UTF-8' encoding to copy filtered resources.
2019-02-11 10:11:10,077 [Worker-10: Building workspace] INFO  o.e.m.c.i.embedder.EclipseLogger - skip non existing resourceDirectory D:\MICROSERVICES ADVANCED\MicroservicesAPIGatewaysWorkspace2\FlightsWebSite\src\test\resources
2019-02-11 10:11:19,268 [Worker-10: Building workspace] INFO  o.e.m.c.i.embedder.EclipseLogger - Using 'UTF-8' encoding to copy filtered resources.
2019-02-11 10:11:19,270 [Worker-10: Building workspace] INFO  o.e.m.c.i.embedder.EclipseLogger - Copying 0 resource
2019-02-11 10:11:19,274 [Worker-10: Building workspace] INFO  o.e.m.c.i.embedder.EclipseLogger - Copying 1 resource
2019-02-11 10:11:19,282 [Worker-10: Building workspace] INFO  o.e.m.c.i.embedder.EclipseLogger - Using 'UTF-8' encoding to copy filtered resources.
2019-02-11 10:11:19,282 [Worker-10: Building workspace] INFO  o.e.m.c.i.embedder.EclipseLogger - skip non existing resourceDirectory D:\MICROSERVICES ADVANCED\MicroservicesAPIGatewaysWorkspace2\SearchFlightTickets\src\test\resources
2019-02-11 10:11:24,566 [Worker-10: Building workspace] INFO  o.e.m.c.i.embedder.EclipseLogger - Using 'UTF-8' encoding to copy filtered resources.
2019-02-11 10:11:24,567 [Worker-10: Building workspace] INFO  o.e.m.c.i.embedder.EclipseLogger - Copying 0 resource
2019-02-11 10:11:24,567 [Worker-10: Building workspace] INFO  o.e.m.c.i.embedder.EclipseLogger - Copying 1 resource
2019-02-11 10:11:24,579 [Worker-10: Building workspace] INFO  o.e.m.c.i.embedder.EclipseLogger - Using 'UTF-8' encoding to copy filtered resources.
2019-02-11 10:11:24,579 [Worker-10: Building workspace] INFO  o.e.m.c.i.embedder.EclipseLogger - skip non existing resourceDirectory D:\MICROSERVICES ADVANCED\MicroservicesAPIGatewaysWorkspace2\booking-apigateway\src\test\resources
2019-02-11 10:11:30,888 [Worker-10: Building workspace] INFO  o.e.m.c.i.embedder.EclipseLogger - Using 'UTF-8' encoding to copy filtered resources.
2019-02-11 10:11:30,889 [Worker-10: Building workspace] INFO  o.e.m.c.i.embedder.EclipseLogger - Copying 0 resource
2019-02-11 10:11:30,890 [Worker-10: Building workspace] INFO  o.e.m.c.i.embedder.EclipseLogger - Copying 1 resource
2019-02-11 10:11:30,897 [Worker-10: Building workspace] INFO  o.e.m.c.i.embedder.EclipseLogger - Using 'UTF-8' encoding to copy filtered resources.
2019-02-11 10:11:30,897 [Worker-10: Building workspace] INFO  o.e.m.c.i.embedder.EclipseLogger - skip non existing resourceDirectory D:\MICROSERVICES ADVANCED\MicroservicesAPIGatewaysWorkspace2\checkin-apigateway\src\test\resources
2019-02-11 10:11:37,478 [Worker-10: Building workspace] INFO  o.e.m.c.i.embedder.EclipseLogger - Using 'UTF-8' encoding to copy filtered resources.
2019-02-11 10:11:37,479 [Worker-10: Building workspace] INFO  o.e.m.c.i.embedder.EclipseLogger - Copying 0 resource
2019-02-11 10:11:37,479 [Worker-10: Building workspace] INFO  o.e.m.c.i.embedder.EclipseLogger - Copying 1 resource
2019-02-11 10:11:37,502 [Worker-10: Building workspace] INFO  o.e.m.c.i.embedder.EclipseLogger - Using 'UTF-8' encoding to copy filtered resources.
2019-02-11 10:11:37,502 [Worker-10: Building workspace] INFO  o.e.m.c.i.embedder.EclipseLogger - skip non existing resourceDirectory D:\MICROSERVICES ADVANCED\MicroservicesAPIGatewaysWorkspace2\common-apigateway\src\test\resources
2019-02-11 10:11:45,096 [Worker-10: Building workspace] INFO  o.e.m.c.i.embedder.EclipseLogger - Using 'UTF-8' encoding to copy filtered resources.
2019-02-11 10:11:45,097 [Worker-10: Building workspace] INFO  o.e.m.c.i.embedder.EclipseLogger - Copying 0 resource
2019-02-11 10:11:45,098 [Worker-10: Building workspace] INFO  o.e.m.c.i.embedder.EclipseLogger - Copying 1 resource
2019-02-11 10:11:45,117 [Worker-10: Building workspace] INFO  o.e.m.c.i.embedder.EclipseLogger - Using 'UTF-8' encoding to copy filtered resources.
2019-02-11 10:11:45,117 [Worker-10: Building workspace] INFO  o.e.m.c.i.embedder.EclipseLogger - skip non existing resourceDirectory D:\MICROSERVICES ADVANCED\MicroservicesAPIGatewaysWorkspace2\search-apigateway\src\test\resources
2019-02-11 10:11:49,564 [Worker-10: Building workspace] INFO  o.e.m.c.i.embedder.EclipseLogger - Using 'UTF-8' encoding to copy filtered resources.
2019-02-11 10:11:49,566 [Worker-10: Building workspace] INFO  o.e.m.c.i.embedder.EclipseLogger - Copying 1 resource
2019-02-11 10:11:49,587 [Worker-10: Building workspace] INFO  o.e.m.c.i.embedder.EclipseLogger - Copying 0 resource
2019-02-11 10:11:49,594 [Worker-10: Building workspace] INFO  o.e.m.c.i.embedder.EclipseLogger - Using 'UTF-8' encoding to copy filtered resources.
2019-02-11 10:11:49,594 [Worker-10: Building workspace] INFO  o.e.m.c.i.embedder.EclipseLogger - skip non existing resourceDirectory D:\MICROSERVICES ADVANCED\MicroservicesAPIGatewaysWorkspace2\spring-boot-admin\src\test\resources
2019-02-11 10:15:29,849 [Worker-8: Building workspace] INFO  o.e.m.c.i.embedder.EclipseLogger - Using 'UTF-8' encoding to copy filtered resources.
2019-02-11 10:15:29,850 [Worker-8: Building workspace] INFO  o.e.m.c.i.embedder.EclipseLogger - Copying 0 resource
2019-02-11 10:15:29,856 [Worker-8: Building workspace] INFO  o.e.m.c.i.embedder.EclipseLogger - Copying 1 resource
2019-02-11 10:15:29,859 [Worker-8: Building workspace] INFO  o.e.m.c.i.embedder.EclipseLogger - Using 'UTF-8' encoding to copy filtered resources.
2019-02-11 10:15:29,860 [Worker-8: Building workspace] INFO  o.e.m.c.i.embedder.EclipseLogger - skip non existing resourceDirectory D:\MICROSERVICES ADVANCED\MicroservicesAPIGatewaysWorkspace2\common-apigateway\src\test\resources
2019-02-11 10:25:03,259 [Worker-26: Building workspace] INFO  o.e.m.c.i.embedder.EclipseLogger - Using 'UTF-8' encoding to copy filtered resources.
2019-02-11 10:25:03,263 [Worker-26: Building workspace] INFO  o.e.m.c.i.embedder.EclipseLogger - Copying 0 resource
2019-02-11 10:25:03,265 [Worker-26: Building workspace] INFO  o.e.m.c.i.embedder.EclipseLogger - Copying 1 resource
2019-02-11 10:25:03,267 [Worker-26: Building workspace] INFO  o.e.m.c.i.embedder.EclipseLogger - Using 'UTF-8' encoding to copy filtered resources.
2019-02-11 10:25:03,268 [Worker-26: Building workspace] INFO  o.e.m.c.i.embedder.EclipseLogger - skip non existing resourceDirectory D:\MICROSERVICES ADVANCED\MicroservicesAPIGatewaysWorkspace2\CheckInCustomers\src\test\resources
2019-02-11 10:25:12,522 [Worker-26: Building workspace] INFO  o.e.m.c.i.embedder.EclipseLogger - Using 'UTF-8' encoding to copy filtered resources.
2019-02-11 10:25:12,524 [Worker-26: Building workspace] INFO  o.e.m.c.i.embedder.EclipseLogger - Copying 0 resource
2019-02-11 10:25:12,524 [Worker-26: Building workspace] INFO  o.e.m.c.i.embedder.EclipseLogger - Copying 1 resource
2019-02-11 10:25:12,531 [Worker-26: Building workspace] INFO  o.e.m.c.i.embedder.EclipseLogger - Using 'UTF-8' encoding to copy filtered resources.
2019-02-11 10:25:12,531 [Worker-26: Building workspace] INFO  o.e.m.c.i.embedder.EclipseLogger - skip non existing resourceDirectory D:\MICROSERVICES ADVANCED\MicroservicesAPIGatewaysWorkspace2\CheckInCustomers\src\test\resources
2019-02-11 10:25:33,755 [Worker-23: Building workspace] INFO  o.e.m.c.i.embedder.EclipseLogger - Using 'UTF-8' encoding to copy filtered resources.
2019-02-11 10:25:33,756 [Worker-23: Building workspace] INFO  o.e.m.c.i.embedder.EclipseLogger - Copying 0 resource
2019-02-11 10:25:33,758 [Worker-23: Building workspace] INFO  o.e.m.c.i.embedder.EclipseLogger - Copying 1 resource
2019-02-11 10:25:33,761 [Worker-23: Building workspace] INFO  o.e.m.c.i.embedder.EclipseLogger - Using 'UTF-8' encoding to copy filtered resources.
2019-02-11 10:25:33,762 [Worker-23: Building workspace] INFO  o.e.m.c.i.embedder.EclipseLogger - skip non existing resourceDirectory D:\MICROSERVICES ADVANCED\MicroservicesAPIGatewaysWorkspace2\CheckInCustomers\src\test\resources
2019-02-11 10:25:48,160 [Worker-22: Building workspace] INFO  o.e.m.c.i.embedder.EclipseLogger - Using 'UTF-8' encoding to copy filtered resources.
2019-02-11 10:25:48,161 [Worker-22: Building workspace] INFO  o.e.m.c.i.embedder.EclipseLogger - Copying 0 resource
2019-02-11 10:25:48,162 [Worker-22: Building workspace] INFO  o.e.m.c.i.embedder.EclipseLogger - Copying 1 resource
2019-02-11 10:25:48,165 [Worker-22: Building workspace] INFO  o.e.m.c.i.embedder.EclipseLogger - Using 'UTF-8' encoding to copy filtered resources.
2019-02-11 10:25:48,165 [Worker-22: Building workspace] INFO  o.e.m.c.i.embedder.EclipseLogger - skip non existing resourceDirectory D:\MICROSERVICES ADVANCED\MicroservicesAPIGatewaysWorkspace2\CheckInCustomers\src\test\resources
2019-02-11 10:39:37,832 [Worker-27: Building workspace] INFO  o.e.m.c.i.embedder.EclipseLogger - Using 'UTF-8' encoding to copy filtered resources.
2019-02-11 10:39:37,834 [Worker-27: Building workspace] INFO  o.e.m.c.i.embedder.EclipseLogger - Copying 0 resource
2019-02-11 10:39:37,835 [Worker-27: Building workspace] INFO  o.e.m.c.i.embedder.EclipseLogger - Copying 1 resource
2019-02-11 10:39:37,838 [Worker-27: Building workspace] INFO  o.e.m.c.i.embedder.EclipseLogger - Using 'UTF-8' encoding to copy filtered resources.
2019-02-11 10:39:37,838 [Worker-27: Building workspace] INFO  o.e.m.c.i.embedder.EclipseLogger - skip non existing resourceDirectory D:\MICROSERVICES ADVANCED\MicroservicesAPIGatewaysWorkspace2\CheckInCustomers\src\test\resources
2019-02-11 10:39:41,406 [Worker-22: Building workspace] INFO  o.e.m.c.i.embedder.EclipseLogger - Using 'UTF-8' encoding to copy filtered resources.
2019-02-11 10:39:41,407 [Worker-22: Building workspace] INFO  o.e.m.c.i.embedder.EclipseLogger - Copying 0 resource
2019-02-11 10:39:41,408 [Worker-22: Building workspace] INFO  o.e.m.c.i.embedder.EclipseLogger - Copying 1 resource
2019-02-11 10:39:41,411 [Worker-22: Building workspace] INFO  o.e.m.c.i.embedder.EclipseLogger - Using 'UTF-8' encoding to copy filtered resources.
2019-02-11 10:39:41,411 [Worker-22: Building workspace] INFO  o.e.m.c.i.embedder.EclipseLogger - skip non existing resourceDirectory D:\MICROSERVICES ADVANCED\MicroservicesAPIGatewaysWorkspace2\CheckInCustomers\src\test\resources
2019-03-10 15:59:01,235 [Worker-2: Loading available Gradle versions] INFO  o.e.b.c.i.u.g.PublishedGradleVersions - Gradle version information cache is up-to-date. Trying to read.
2019-03-10 15:59:12,921 [Worker-6: Updating Maven Dependencies] INFO  o.e.m.c.i.l.LifecycleMappingFactory - Using org.eclipse.m2e.jdt.JarLifecycleMapping lifecycle mapping for MavenProject: edu.aspire:PSSBook:1 @ D:\MICROSERVICES ADVANCED\MicroservicesAPIGatewaysWorkspace\BookingFlightTickets\pom.xml.
2019-03-10 15:59:16,655 [Worker-6: Updating Maven Dependencies] INFO  o.e.m.c.i.l.LifecycleMappingFactory - Using org.eclipse.m2e.jdt.JarLifecycleMapping lifecycle mapping for MavenProject: edu.aspire:CheckInCustomers:1 @ D:\MICROSERVICES ADVANCED\MicroservicesAPIGatewaysWorkspace\CheckInCustomers\pom.xml.
2019-03-10 15:59:17,103 [Worker-6: Updating Maven Dependencies] INFO  o.e.m.c.i.l.LifecycleMappingFactory - Using org.eclipse.m2e.jdt.JarLifecycleMapping lifecycle mapping for MavenProject: edu.aspire:ConfigServer:1 @ D:\MICROSERVICES ADVANCED\MicroservicesAPIGatewaysWorkspace\ConfigServer\pom.xml.
2019-03-10 15:59:17,458 [Worker-6: Updating Maven Dependencies] INFO  o.e.m.c.i.l.LifecycleMappingFactory - Using org.eclipse.m2e.jdt.JarLifecycleMapping lifecycle mapping for MavenProject: edu.aspire:EurekaServer:1 @ D:\MICROSERVICES ADVANCED\MicroservicesAPIGatewaysWorkspace\EurekaServer\pom.xml.
2019-03-10 15:59:18,207 [Worker-6: Updating Maven Dependencies] INFO  o.e.m.c.i.l.LifecycleMappingFactory - Using org.eclipse.m2e.jdt.JarLifecycleMapping lifecycle mapping for MavenProject: edu.aspire:FaresFlightTickets:1 @ D:\MICROSERVICES ADVANCED\MicroservicesAPIGatewaysWorkspace\FaresFlightTickets\pom.xml.
2019-03-10 15:59:19,750 [Worker-6: Updating Maven Dependencies] INFO  o.e.m.c.i.l.LifecycleMappingFactory - Using org.eclipse.m2e.jdt.JarLifecycleMapping lifecycle mapping for MavenProject: edu.aspire:FlightsWebSite:1 @ D:\MICROSERVICES ADVANCED\MicroservicesAPIGatewaysWorkspace\FlightsWebSite\pom.xml.
2019-03-10 15:59:20,411 [Worker-6: Updating Maven Dependencies] INFO  o.e.m.c.i.l.LifecycleMappingFactory - Using org.eclipse.m2e.jdt.JarLifecycleMapping lifecycle mapping for MavenProject: edu.aspire:SearchFlightTickets:1 @ D:\MICROSERVICES ADVANCED\MicroservicesAPIGatewaysWorkspace\SearchFlightTickets\pom.xml.
2019-03-10 15:59:20,899 [Worker-6: Updating Maven Dependencies] INFO  o.e.m.c.i.l.LifecycleMappingFactory - Using org.eclipse.m2e.jdt.JarLifecycleMapping lifecycle mapping for MavenProject: edu.aspire:search-apigateway:1 @ D:\MICROSERVICES ADVANCED\MicroservicesAPIGatewaysWorkspace\common-apigateway\pom.xml.
2019-03-10 15:59:22,978 [Worker-6: Updating Maven Dependencies] INFO  o.e.m.c.i.l.LifecycleMappingFactory - Using org.eclipse.m2e.jdt.JarLifecycleMapping lifecycle mapping for MavenProject: com.javainuse:spring-boot-admin:0.0.1-SNAPSHOT @ D:\MICROSERVICES ADVANCED\MicroservicesAPIGatewaysWorkspace\spring-boot-admin\pom.xml.
2019-03-10 15:59:42,590 [Worker-2: Building workspace] INFO  o.e.m.c.i.embedder.EclipseLogger - Using 'UTF-8' encoding to copy filtered resources.
2019-03-10 15:59:42,596 [Worker-2: Building workspace] INFO  o.e.m.c.i.embedder.EclipseLogger - Copying 0 resource
2019-03-10 15:59:42,597 [Worker-2: Building workspace] INFO  o.e.m.c.i.embedder.EclipseLogger - Copying 1 resource
2019-03-10 15:59:42,634 [Worker-2: Building workspace] INFO  o.e.m.c.i.embedder.EclipseLogger - Using 'UTF-8' encoding to copy filtered resources.
2019-03-10 15:59:42,634 [Worker-2: Building workspace] INFO  o.e.m.c.i.embedder.EclipseLogger - skip non existing resourceDirectory D:\MICROSERVICES ADVANCED\MicroservicesAPIGatewaysWorkspace\BookingFlightTickets\src\test\resources
2019-03-10 15:59:44,532 [Worker-2: Building workspace] INFO  o.e.m.c.i.embedder.EclipseLogger - Using 'UTF-8' encoding to copy filtered resources.
2019-03-10 15:59:44,533 [Worker-2: Building workspace] INFO  o.e.m.c.i.embedder.EclipseLogger - Copying 0 resource
2019-03-10 15:59:44,534 [Worker-2: Building workspace] INFO  o.e.m.c.i.embedder.EclipseLogger - Copying 1 resource
2019-03-10 15:59:44,590 [Worker-2: Building workspace] INFO  o.e.m.c.i.embedder.EclipseLogger - Using 'UTF-8' encoding to copy filtered resources.
2019-03-10 15:59:44,590 [Worker-2: Building workspace] INFO  o.e.m.c.i.embedder.EclipseLogger - skip non existing resourceDirectory D:\MICROSERVICES ADVANCED\MicroservicesAPIGatewaysWorkspace\CheckInCustomers\src\test\resources
2019-03-10 15:59:45,266 [Worker-2: Building workspace] INFO  o.e.m.c.i.embedder.EclipseLogger - Using 'UTF-8' encoding to copy filtered resources.
2019-03-10 15:59:45,267 [Worker-2: Building workspace] INFO  o.e.m.c.i.embedder.EclipseLogger - Copying 0 resource
2019-03-10 15:59:45,268 [Worker-2: Building workspace] INFO  o.e.m.c.i.embedder.EclipseLogger - Copying 1 resource
2019-03-10 15:59:45,270 [Worker-2: Building workspace] INFO  o.e.m.c.i.embedder.EclipseLogger - Using 'UTF-8' encoding to copy filtered resources.
2019-03-10 15:59:45,271 [Worker-2: Building workspace] INFO  o.e.m.c.i.embedder.EclipseLogger - skip non existing resourceDirectory D:\MICROSERVICES ADVANCED\MicroservicesAPIGatewaysWorkspace\ConfigServer\src\test\resources
2019-03-10 15:59:46,338 [Worker-2: Building workspace] INFO  o.e.m.c.i.embedder.EclipseLogger - Using 'UTF-8' encoding to copy filtered resources.
2019-03-10 15:59:46,338 [Worker-2: Building workspace] INFO  o.e.m.c.i.embedder.EclipseLogger - Copying 0 resource
2019-03-10 15:59:46,338 [Worker-2: Building workspace] INFO  o.e.m.c.i.embedder.EclipseLogger - Copying 1 resource
2019-03-10 15:59:46,343 [Worker-2: Building workspace] INFO  o.e.m.c.i.embedder.EclipseLogger - Using 'UTF-8' encoding to copy filtered resources.
2019-03-10 15:59:46,344 [Worker-2: Building workspace] INFO  o.e.m.c.i.embedder.EclipseLogger - skip non existing resourceDirectory D:\MICROSERVICES ADVANCED\MicroservicesAPIGatewaysWorkspace\EurekaServer\src\test\resources
2019-03-10 15:59:47,615 [Worker-2: Building workspace] INFO  o.e.m.c.i.embedder.EclipseLogger - Using 'UTF-8' encoding to copy filtered resources.
2019-03-10 15:59:47,615 [Worker-2: Building workspace] INFO  o.e.m.c.i.embedder.EclipseLogger - Copying 0 resource
2019-03-10 15:59:47,616 [Worker-2: Building workspace] INFO  o.e.m.c.i.embedder.EclipseLogger - Copying 1 resource
2019-03-10 15:59:47,646 [Worker-2: Building workspace] INFO  o.e.m.c.i.embedder.EclipseLogger - Using 'UTF-8' encoding to copy filtered resources.
2019-03-10 15:59:47,647 [Worker-2: Building workspace] INFO  o.e.m.c.i.embedder.EclipseLogger - skip non existing resourceDirectory D:\MICROSERVICES ADVANCED\MicroservicesAPIGatewaysWorkspace\FaresFlightTickets\src\test\resources
2019-03-10 15:59:48,781 [Worker-2: Building workspace] INFO  o.e.m.c.i.embedder.EclipseLogger - Using 'UTF-8' encoding to copy filtered resources.
2019-03-10 15:59:48,782 [Worker-2: Building workspace] INFO  o.e.m.c.i.embedder.EclipseLogger - Copying 0 resource
2019-03-10 15:59:48,782 [Worker-2: Building workspace] INFO  o.e.m.c.i.embedder.EclipseLogger - Copying 8 resources
2019-03-10 15:59:48,890 [Worker-2: Building workspace] INFO  o.e.m.c.i.embedder.EclipseLogger - Using 'UTF-8' encoding to copy filtered resources.
2019-03-10 15:59:48,891 [Worker-2: Building workspace] INFO  o.e.m.c.i.embedder.EclipseLogger - skip non existing resourceDirectory D:\MICROSERVICES ADVANCED\MicroservicesAPIGatewaysWorkspace\FlightsWebSite\src\test\resources
2019-03-10 15:59:50,455 [Worker-2: Building workspace] INFO  o.e.m.c.i.embedder.EclipseLogger - Using 'UTF-8' encoding to copy filtered resources.
2019-03-10 15:59:50,455 [Worker-2: Building workspace] INFO  o.e.m.c.i.embedder.EclipseLogger - Copying 0 resource
2019-03-10 15:59:50,456 [Worker-2: Building workspace] INFO  o.e.m.c.i.embedder.EclipseLogger - Copying 1 resource
2019-03-10 15:59:50,459 [Worker-2: Building workspace] INFO  o.e.m.c.i.embedder.EclipseLogger - Using 'UTF-8' encoding to copy filtered resources.
2019-03-10 15:59:50,460 [Worker-2: Building workspace] INFO  o.e.m.c.i.embedder.EclipseLogger - skip non existing resourceDirectory D:\MICROSERVICES ADVANCED\MicroservicesAPIGatewaysWorkspace\SearchFlightTickets\src\test\resources
2019-03-10 15:59:51,827 [Worker-2: Building workspace] INFO  o.e.m.c.i.embedder.EclipseLogger - Using 'UTF-8' encoding to copy filtered resources.
2019-03-10 15:59:51,828 [Worker-2: Building workspace] INFO  o.e.m.c.i.embedder.EclipseLogger - Copying 0 resource
2019-03-10 15:59:51,828 [Worker-2: Building workspace] INFO  o.e.m.c.i.embedder.EclipseLogger - Copying 1 resource
2019-03-10 15:59:51,834 [Worker-2: Building workspace] INFO  o.e.m.c.i.embedder.EclipseLogger - Using 'UTF-8' encoding to copy filtered resources.
2019-03-10 15:59:51,835 [Worker-2: Building workspace] INFO  o.e.m.c.i.embedder.EclipseLogger - skip non existing resourceDirectory D:\MICROSERVICES ADVANCED\MicroservicesAPIGatewaysWorkspace\common-apigateway\src\test\resources
2019-03-10 15:59:52,344 [Worker-2: Building workspace] INFO  o.e.m.c.i.embedder.EclipseLogger - Using 'UTF-8' encoding to copy filtered resources.
2019-03-10 15:59:52,345 [Worker-2: Building workspace] INFO  o.e.m.c.i.embedder.EclipseLogger - Copying 1 resource
2019-03-10 15:59:52,352 [Worker-2: Building workspace] INFO  o.e.m.c.i.embedder.EclipseLogger - Copying 0 resource
2019-03-10 15:59:52,355 [Worker-2: Building workspace] INFO  o.e.m.c.i.embedder.EclipseLogger - Using 'UTF-8' encoding to copy filtered resources.
2019-03-10 15:59:52,355 [Worker-2: Building workspace] INFO  o.e.m.c.i.embedder.EclipseLogger - skip non existing resourceDirectory D:\MICROSERVICES ADVANCED\MicroservicesAPIGatewaysWorkspace\spring-boot-admin\src\test\resources
2019-03-10 16:00:29,053 [Worker-4: Building workspace] INFO  o.e.m.c.i.l.LifecycleMappingFactory - Using org.eclipse.m2e.jdt.JarLifecycleMapping lifecycle mapping for MavenProject: edu.aspire:FaresFlightTickets:1 @ D:\MICROSERVICES ADVANCED\MicroservicesAPIGatewaysWorkspace\FaresFlightTickets\pom.xml.
2019-03-10 16:00:30,302 [Worker-4: Building workspace] INFO  o.e.m.c.i.embedder.EclipseLogger - Using 'UTF-8' encoding to copy filtered resources.
2019-03-10 16:00:30,304 [Worker-4: Building workspace] INFO  o.e.m.c.i.embedder.EclipseLogger - Copying 0 resource
2019-03-10 16:00:30,304 [Worker-4: Building workspace] INFO  o.e.m.c.i.embedder.EclipseLogger - Copying 0 resource
2019-03-10 16:00:30,306 [Worker-4: Building workspace] INFO  o.e.m.c.i.embedder.EclipseLogger - Using 'UTF-8' encoding to copy filtered resources.
2019-03-10 16:00:30,306 [Worker-4: Building workspace] INFO  o.e.m.c.i.embedder.EclipseLogger - skip non existing resourceDirectory D:\MICROSERVICES ADVANCED\MicroservicesAPIGatewaysWorkspace\FaresFlightTickets\src\test\resources
2019-03-10 16:00:32,730 [Worker-0: Building workspace] INFO  o.e.m.c.i.embedder.EclipseLogger - Using 'UTF-8' encoding to copy filtered resources.
2019-03-10 16:00:32,732 [Worker-0: Building workspace] INFO  o.e.m.c.i.embedder.EclipseLogger - Copying 0 resource
2019-03-10 16:00:32,733 [Worker-0: Building workspace] INFO  o.e.m.c.i.embedder.EclipseLogger - Copying 1 resource
2019-03-10 16:00:32,737 [Worker-0: Building workspace] INFO  o.e.m.c.i.embedder.EclipseLogger - Using 'UTF-8' encoding to copy filtered resources.
2019-03-10 16:00:32,738 [Worker-0: Building workspace] INFO  o.e.m.c.i.embedder.EclipseLogger - skip non existing resourceDirectory D:\MICROSERVICES ADVANCED\MicroservicesAPIGatewaysWorkspace\FaresFlightTickets\src\test\resources
2019-03-10 16:00:44,693 [Worker-5: Building workspace] INFO  o.e.m.c.i.l.LifecycleMappingFactory - Using org.eclipse.m2e.jdt.JarLifecycleMapping lifecycle mapping for MavenProject: edu.aspire:SearchFlightTickets:1 @ D:\MICROSERVICES ADVANCED\MicroservicesAPIGatewaysWorkspace\SearchFlightTickets\pom.xml.
2019-03-10 16:00:45,939 [Worker-5: Building workspace] INFO  o.e.m.c.i.embedder.EclipseLogger - Using 'UTF-8' encoding to copy filtered resources.
2019-03-10 16:00:45,939 [Worker-5: Building workspace] INFO  o.e.m.c.i.embedder.EclipseLogger - Copying 0 resource
2019-03-10 16:00:45,939 [Worker-5: Building workspace] INFO  o.e.m.c.i.embedder.EclipseLogger - Copying 0 resource
2019-03-10 16:00:45,941 [Worker-5: Building workspace] INFO  o.e.m.c.i.embedder.EclipseLogger - Using 'UTF-8' encoding to copy filtered resources.
2019-03-10 16:00:45,941 [Worker-5: Building workspace] INFO  o.e.m.c.i.embedder.EclipseLogger - skip non existing resourceDirectory D:\MICROSERVICES ADVANCED\MicroservicesAPIGatewaysWorkspace\SearchFlightTickets\src\test\resources
2019-03-10 16:00:47,340 [Worker-6: Building workspace] INFO  o.e.m.c.i.embedder.EclipseLogger - Using 'UTF-8' encoding to copy filtered resources.
2019-03-10 16:00:47,341 [Worker-6: Building workspace] INFO  o.e.m.c.i.embedder.EclipseLogger - Copying 0 resource
2019-03-10 16:00:47,342 [Worker-6: Building workspace] INFO  o.e.m.c.i.embedder.EclipseLogger - Copying 1 resource
2019-03-10 16:00:47,346 [Worker-6: Building workspace] INFO  o.e.m.c.i.embedder.EclipseLogger - Using 'UTF-8' encoding to copy filtered resources.
2019-03-10 16:00:47,346 [Worker-6: Building workspace] INFO  o.e.m.c.i.embedder.EclipseLogger - skip non existing resourceDirectory D:\MICROSERVICES ADVANCED\MicroservicesAPIGatewaysWorkspace\SearchFlightTickets\src\test\resources
2019-03-10 16:01:26,253 [Worker-9: Building workspace] INFO  o.e.m.c.i.l.LifecycleMappingFactory - Using org.eclipse.m2e.jdt.JarLifecycleMapping lifecycle mapping for MavenProject: edu.aspire:PSSBook:1 @ D:\MICROSERVICES ADVANCED\MicroservicesAPIGatewaysWorkspace\BookingFlightTickets\pom.xml.
2019-03-10 16:01:27,402 [Worker-9: Building workspace] INFO  o.e.m.c.i.embedder.EclipseLogger - Using 'UTF-8' encoding to copy filtered resources.
2019-03-10 16:01:27,403 [Worker-9: Building workspace] INFO  o.e.m.c.i.embedder.EclipseLogger - Copying 0 resource
2019-03-10 16:01:27,403 [Worker-9: Building workspace] INFO  o.e.m.c.i.embedder.EclipseLogger - Copying 0 resource
2019-03-10 16:01:27,405 [Worker-9: Building workspace] INFO  o.e.m.c.i.embedder.EclipseLogger - Using 'UTF-8' encoding to copy filtered resources.
2019-03-10 16:01:27,405 [Worker-9: Building workspace] INFO  o.e.m.c.i.embedder.EclipseLogger - skip non existing resourceDirectory D:\MICROSERVICES ADVANCED\MicroservicesAPIGatewaysWorkspace\BookingFlightTickets\src\test\resources
2019-03-10 16:01:29,796 [Worker-8: Building workspace] INFO  o.e.m.c.i.embedder.EclipseLogger - Using 'UTF-8' encoding to copy filtered resources.
2019-03-10 16:01:29,797 [Worker-8: Building workspace] INFO  o.e.m.c.i.embedder.EclipseLogger - Copying 0 resource
2019-03-10 16:01:29,798 [Worker-8: Building workspace] INFO  o.e.m.c.i.embedder.EclipseLogger - Copying 1 resource
2019-03-10 16:01:29,801 [Worker-8: Building workspace] INFO  o.e.m.c.i.embedder.EclipseLogger - Using 'UTF-8' encoding to copy filtered resources.
2019-03-10 16:01:29,801 [Worker-8: Building workspace] INFO  o.e.m.c.i.embedder.EclipseLogger - skip non existing resourceDirectory D:\MICROSERVICES ADVANCED\MicroservicesAPIGatewaysWorkspace\BookingFlightTickets\src\test\resources
2019-03-10 16:01:39,427 [Worker-0: Building workspace] INFO  o.e.m.c.i.l.LifecycleMappingFactory - Using org.eclipse.m2e.jdt.JarLifecycleMapping lifecycle mapping for MavenProject: edu.aspire:CheckInCustomers:1 @ D:\MICROSERVICES ADVANCED\MicroservicesAPIGatewaysWorkspace\CheckInCustomers\pom.xml.
2019-03-10 16:01:40,544 [Worker-0: Building workspace] INFO  o.e.m.c.i.embedder.EclipseLogger - Using 'UTF-8' encoding to copy filtered resources.
2019-03-10 16:01:40,544 [Worker-0: Building workspace] INFO  o.e.m.c.i.embedder.EclipseLogger - Copying 0 resource
2019-03-10 16:01:40,544 [Worker-0: Building workspace] INFO  o.e.m.c.i.embedder.EclipseLogger - Copying 0 resource
2019-03-10 16:01:40,546 [Worker-0: Building workspace] INFO  o.e.m.c.i.embedder.EclipseLogger - Using 'UTF-8' encoding to copy filtered resources.
2019-03-10 16:01:40,546 [Worker-0: Building workspace] INFO  o.e.m.c.i.embedder.EclipseLogger - skip non existing resourceDirectory D:\MICROSERVICES ADVANCED\MicroservicesAPIGatewaysWorkspace\CheckInCustomers\src\test\resources
2019-03-10 16:01:42,704 [Worker-3: Building workspace] INFO  o.e.m.c.i.embedder.EclipseLogger - Using 'UTF-8' encoding to copy filtered resources.
2019-03-10 16:01:42,705 [Worker-3: Building workspace] INFO  o.e.m.c.i.embedder.EclipseLogger - Copying 0 resource
2019-03-10 16:01:42,706 [Worker-3: Building workspace] INFO  o.e.m.c.i.embedder.EclipseLogger - Copying 1 resource
2019-03-10 16:01:42,709 [Worker-3: Building workspace] INFO  o.e.m.c.i.embedder.EclipseLogger - Using 'UTF-8' encoding to copy filtered resources.
2019-03-10 16:01:42,710 [Worker-3: Building workspace] INFO  o.e.m.c.i.embedder.EclipseLogger - skip non existing resourceDirectory D:\MICROSERVICES ADVANCED\MicroservicesAPIGatewaysWorkspace\CheckInCustomers\src\test\resources
2019-03-10 16:01:55,749 [Worker-6: Building workspace] INFO  o.e.m.c.i.l.LifecycleMappingFactory - Using org.eclipse.m2e.jdt.JarLifecycleMapping lifecycle mapping for MavenProject: edu.aspire:FlightsWebSite:1 @ D:\MICROSERVICES ADVANCED\MicroservicesAPIGatewaysWorkspace\FlightsWebSite\pom.xml.
2019-03-10 16:01:56,716 [Worker-6: Building workspace] INFO  o.e.m.c.i.embedder.EclipseLogger - Using 'UTF-8' encoding to copy filtered resources.
2019-03-10 16:01:56,717 [Worker-6: Building workspace] INFO  o.e.m.c.i.embedder.EclipseLogger - Copying 0 resource
2019-03-10 16:01:56,717 [Worker-6: Building workspace] INFO  o.e.m.c.i.embedder.EclipseLogger - Copying 0 resource
2019-03-10 16:01:56,719 [Worker-6: Building workspace] INFO  o.e.m.c.i.embedder.EclipseLogger - Using 'UTF-8' encoding to copy filtered resources.
2019-03-10 16:01:56,720 [Worker-6: Building workspace] INFO  o.e.m.c.i.embedder.EclipseLogger - skip non existing resourceDirectory D:\MICROSERVICES ADVANCED\MicroservicesAPIGatewaysWorkspace\FlightsWebSite\src\test\resources
2019-03-10 16:01:59,082 [Worker-5: Building workspace] INFO  o.e.m.c.i.embedder.EclipseLogger - Using 'UTF-8' encoding to copy filtered resources.
2019-03-10 16:01:59,083 [Worker-5: Building workspace] INFO  o.e.m.c.i.embedder.EclipseLogger - Copying 0 resource
2019-03-10 16:01:59,084 [Worker-5: Building workspace] INFO  o.e.m.c.i.embedder.EclipseLogger - Copying 8 resources
2019-03-10 16:01:59,097 [Worker-5: Building workspace] INFO  o.e.m.c.i.embedder.EclipseLogger - Using 'UTF-8' encoding to copy filtered resources.
2019-03-10 16:01:59,097 [Worker-5: Building workspace] INFO  o.e.m.c.i.embedder.EclipseLogger - skip non existing resourceDirectory D:\MICROSERVICES ADVANCED\MicroservicesAPIGatewaysWorkspace\FlightsWebSite\src\test\resources
2019-03-10 16:02:52,873 [Worker-5: Building workspace] INFO  o.e.m.c.i.l.LifecycleMappingFactory - Using org.eclipse.m2e.jdt.JarLifecycleMapping lifecycle mapping for MavenProject: edu.aspire:common-apigateway:1 @ D:\MICROSERVICES ADVANCED\MicroservicesAPIGatewaysWorkspace\common-apigateway\pom.xml.
2019-03-10 16:02:54,260 [Worker-5: Building workspace] INFO  o.e.m.c.i.embedder.EclipseLogger - Using 'UTF-8' encoding to copy filtered resources.
2019-03-10 16:02:54,260 [Worker-5: Building workspace] INFO  o.e.m.c.i.embedder.EclipseLogger - Copying 0 resource
2019-03-10 16:02:54,260 [Worker-5: Building workspace] INFO  o.e.m.c.i.embedder.EclipseLogger - Copying 0 resource
2019-03-10 16:02:54,262 [Worker-5: Building workspace] INFO  o.e.m.c.i.embedder.EclipseLogger - Using 'UTF-8' encoding to copy filtered resources.
2019-03-10 16:02:54,262 [Worker-5: Building workspace] INFO  o.e.m.c.i.embedder.EclipseLogger - skip non existing resourceDirectory D:\MICROSERVICES ADVANCED\MicroservicesAPIGatewaysWorkspace\common-apigateway\src\test\resources
2019-03-10 16:03:28,582 [Worker-3: Building workspace] INFO  o.e.m.c.i.l.LifecycleMappingFactory - Using org.eclipse.m2e.jdt.JarLifecycleMapping lifecycle mapping for MavenProject: edu.aspire:common-apigateway:1 @ D:\MICROSERVICES ADVANCED\MicroservicesAPIGatewaysWorkspace\common-apigateway\pom.xml.
2019-03-10 16:03:29,484 [Worker-3: Building workspace] INFO  o.e.m.c.i.embedder.EclipseLogger - Using 'UTF-8' encoding to copy filtered resources.
2019-03-10 16:03:29,485 [Worker-3: Building workspace] INFO  o.e.m.c.i.embedder.EclipseLogger - Copying 0 resource
2019-03-10 16:03:29,485 [Worker-3: Building workspace] INFO  o.e.m.c.i.embedder.EclipseLogger - Copying 1 resource
2019-03-10 16:03:29,487 [Worker-3: Building workspace] INFO  o.e.m.c.i.embedder.EclipseLogger - Using 'UTF-8' encoding to copy filtered resources.
2019-03-10 16:03:29,487 [Worker-3: Building workspace] INFO  o.e.m.c.i.embedder.EclipseLogger - skip non existing resourceDirectory D:\MICROSERVICES ADVANCED\MicroservicesAPIGatewaysWorkspace\common-apigateway\src\test\resources
2019-03-10 16:50:15,972 [Worker-25: Building workspace] INFO  o.e.m.c.i.embedder.EclipseLogger - Using 'UTF-8' encoding to copy filtered resources.
2019-03-10 16:50:15,988 [Worker-25: Building workspace] INFO  o.e.m.c.i.embedder.EclipseLogger - Copying 0 resource
2019-03-10 16:50:15,988 [Worker-25: Building workspace] INFO  o.e.m.c.i.embedder.EclipseLogger - Copying 8 resources
2019-03-10 16:50:16,004 [Worker-25: Building workspace] INFO  o.e.m.c.i.embedder.EclipseLogger - Using 'UTF-8' encoding to copy filtered resources.
2019-03-10 16:50:16,005 [Worker-25: Building workspace] INFO  o.e.m.c.i.embedder.EclipseLogger - skip non existing resourceDirectory D:\MICROSERVICES ADVANCED\MicroservicesAPIGatewaysWorkspace\FlightsWebSite\src\test\resources
2019-03-10 16:50:28,751 [Worker-16: Building workspace] INFO  o.e.m.c.i.embedder.EclipseLogger - Using 'UTF-8' encoding to copy filtered resources.
2019-03-10 16:50:28,768 [Worker-16: Building workspace] INFO  o.e.m.c.i.embedder.EclipseLogger - Copying 0 resource
2019-03-10 16:50:28,768 [Worker-16: Building workspace] INFO  o.e.m.c.i.embedder.EclipseLogger - Copying 8 resources
2019-03-10 16:50:28,772 [Worker-16: Building workspace] INFO  o.e.m.c.i.embedder.EclipseLogger - Using 'UTF-8' encoding to copy filtered resources.
2019-03-10 16:50:28,772 [Worker-16: Building workspace] INFO  o.e.m.c.i.embedder.EclipseLogger - skip non existing resourceDirectory D:\MICROSERVICES ADVANCED\MicroservicesAPIGatewaysWorkspace\FlightsWebSite\src\test\resources
2019-03-10 16:50:42,298 [Worker-16: Building workspace] INFO  o.e.m.c.i.embedder.EclipseLogger - Using 'UTF-8' encoding to copy filtered resources.
2019-03-10 16:50:42,299 [Worker-16: Building workspace] INFO  o.e.m.c.i.embedder.EclipseLogger - Copying 0 resource
2019-03-10 16:50:42,299 [Worker-16: Building workspace] INFO  o.e.m.c.i.embedder.EclipseLogger - Copying 8 resources
2019-03-10 16:50:42,305 [Worker-16: Building workspace] INFO  o.e.m.c.i.embedder.EclipseLogger - Using 'UTF-8' encoding to copy filtered resources.
2019-03-10 16:50:42,305 [Worker-16: Building workspace] INFO  o.e.m.c.i.embedder.EclipseLogger - skip non existing resourceDirectory D:\MICROSERVICES ADVANCED\MicroservicesAPIGatewaysWorkspace\FlightsWebSite\src\test\resources
2019-03-10 17:05:43,360 [Worker-25: Building workspace] INFO  o.e.m.c.i.embedder.EclipseLogger - Using 'UTF-8' encoding to copy filtered resources.
2019-03-10 17:05:43,360 [Worker-25: Building workspace] INFO  o.e.m.c.i.embedder.EclipseLogger - Copying 0 resource
2019-03-10 17:05:43,360 [Worker-25: Building workspace] INFO  o.e.m.c.i.embedder.EclipseLogger - Copying 8 resources
2019-03-10 17:05:43,360 [Worker-25: Building workspace] INFO  o.e.m.c.i.embedder.EclipseLogger - Using 'UTF-8' encoding to copy filtered resources.
2019-03-10 17:05:43,360 [Worker-25: Building workspace] INFO  o.e.m.c.i.embedder.EclipseLogger - skip non existing resourceDirectory D:\MICROSERVICES ADVANCED\MicroservicesAPIGatewaysWorkspace\FlightsWebSite\src\test\resources
2019-03-10 17:06:03,573 [Worker-23: Building workspace] INFO  o.e.m.c.i.embedder.EclipseLogger - Using 'UTF-8' encoding to copy filtered resources.
2019-03-10 17:06:03,589 [Worker-23: Building workspace] INFO  o.e.m.c.i.embedder.EclipseLogger - Copying 0 resource
2019-03-10 17:06:03,589 [Worker-23: Building workspace] INFO  o.e.m.c.i.embedder.EclipseLogger - Copying 8 resources
2019-03-10 17:06:03,589 [Worker-23: Building workspace] INFO  o.e.m.c.i.embedder.EclipseLogger - Using 'UTF-8' encoding to copy filtered resources.
2019-03-10 17:06:03,589 [Worker-23: Building workspace] INFO  o.e.m.c.i.embedder.EclipseLogger - skip non existing resourceDirectory D:\MICROSERVICES ADVANCED\MicroservicesAPIGatewaysWorkspace\FlightsWebSite\src\test\resources
2019-03-10 17:06:31,537 [Worker-15: Building workspace] INFO  o.e.m.c.i.embedder.EclipseLogger - Using 'UTF-8' encoding to copy filtered resources.
2019-03-10 17:06:31,537 [Worker-15: Building workspace] INFO  o.e.m.c.i.embedder.EclipseLogger - Copying 0 resource
2019-03-10 17:06:31,537 [Worker-15: Building workspace] INFO  o.e.m.c.i.embedder.EclipseLogger - Copying 8 resources
2019-03-10 17:06:31,537 [Worker-15: Building workspace] INFO  o.e.m.c.i.embedder.EclipseLogger - Using 'UTF-8' encoding to copy filtered resources.
2019-03-10 17:06:31,537 [Worker-15: Building workspace] INFO  o.e.m.c.i.embedder.EclipseLogger - skip non existing resourceDirectory D:\MICROSERVICES ADVANCED\MicroservicesAPIGatewaysWorkspace\FlightsWebSite\src\test\resources
2019-03-10 17:07:06,492 [Worker-15: Building workspace] INFO  o.e.m.c.i.l.LifecycleMappingFactory - Using org.eclipse.m2e.jdt.JarLifecycleMapping lifecycle mapping for MavenProject: edu.aspire:FlightsWebSite:1 @ D:\MICROSERVICES ADVANCED\MicroservicesAPIGatewaysWorkspace\FlightsWebSite\pom.xml.
2019-03-10 17:07:08,052 [Worker-15: Building workspace] INFO  o.e.m.c.i.e.AbstractTransferListenerAdapter - Downloading https://repo.maven.apache.org/maven2/org/springframework/cloud/spring-cloud-starter-zuul/1.4.4.RELEASE/spring-cloud-starter-zuul-1.4.4.RELEASE.pom
2019-03-10 17:07:08,207 [Worker-15: Building workspace] INFO  o.e.m.c.i.e.AbstractTransferListenerAdapter - Downloaded https://repo.maven.apache.org/maven2/org/springframework/cloud/spring-cloud-starter-zuul/1.4.4.RELEASE/spring-cloud-starter-zuul-1.4.4.RELEASE.pom
2019-03-10 17:07:08,356 [Worker-15: Building workspace] INFO  o.e.m.c.i.e.AbstractTransferListenerAdapter - Downloading https://repo.maven.apache.org/maven2/org/springframework/cloud/spring-cloud-starter-netflix-zuul/1.4.4.RELEASE/spring-cloud-starter-netflix-zuul-1.4.4.RELEASE.pom
2019-03-10 17:07:08,528 [Worker-15: Building workspace] INFO  o.e.m.c.i.e.AbstractTransferListenerAdapter - Downloaded https://repo.maven.apache.org/maven2/org/springframework/cloud/spring-cloud-starter-netflix-zuul/1.4.4.RELEASE/spring-cloud-starter-netflix-zuul-1.4.4.RELEASE.pom
2019-03-10 17:07:08,694 [Worker-15: Building workspace] INFO  o.e.m.c.i.e.AbstractTransferListenerAdapter - Downloading https://repo.maven.apache.org/maven2/org/springframework/cloud/spring-cloud-starter-netflix-hystrix/1.4.4.RELEASE/spring-cloud-starter-netflix-hystrix-1.4.4.RELEASE.pom
2019-03-10 17:07:08,866 [Worker-15: Building workspace] INFO  o.e.m.c.i.e.AbstractTransferListenerAdapter - Downloaded https://repo.maven.apache.org/maven2/org/springframework/cloud/spring-cloud-starter-netflix-hystrix/1.4.4.RELEASE/spring-cloud-starter-netflix-hystrix-1.4.4.RELEASE.pom
2019-03-10 17:07:09,206 [Worker-15: Building workspace] INFO  o.e.m.c.i.e.AbstractTransferListenerAdapter - Downloading https://repo.maven.apache.org/maven2/org/springframework/cloud/spring-cloud-starter-zuul/1.4.4.RELEASE/spring-cloud-starter-zuul-1.4.4.RELEASE.jar
2019-03-10 17:07:09,347 [Worker-15: Building workspace] INFO  o.e.m.c.i.e.AbstractTransferListenerAdapter - Downloaded https://repo.maven.apache.org/maven2/org/springframework/cloud/spring-cloud-starter-zuul/1.4.4.RELEASE/spring-cloud-starter-zuul-1.4.4.RELEASE.jar
2019-03-10 17:07:09,465 [Worker-15: Building workspace] INFO  o.e.m.c.i.e.AbstractTransferListenerAdapter - Downloading https://repo.maven.apache.org/maven2/org/springframework/cloud/spring-cloud-starter-netflix-zuul/1.4.4.RELEASE/spring-cloud-starter-netflix-zuul-1.4.4.RELEASE.jar
2019-03-10 17:07:09,618 [Worker-15: Building workspace] INFO  o.e.m.c.i.e.AbstractTransferListenerAdapter - Downloaded https://repo.maven.apache.org/maven2/org/springframework/cloud/spring-cloud-starter-netflix-zuul/1.4.4.RELEASE/spring-cloud-starter-netflix-zuul-1.4.4.RELEASE.jar
2019-03-10 17:07:09,756 [Worker-15: Building workspace] INFO  o.e.m.c.i.e.AbstractTransferListenerAdapter - Downloading https://repo.maven.apache.org/maven2/org/springframework/cloud/spring-cloud-starter-netflix-hystrix/1.4.4.RELEASE/spring-cloud-starter-netflix-hystrix-1.4.4.RELEASE.jar
2019-03-10 17:07:09,896 [Worker-15: Building workspace] INFO  o.e.m.c.i.e.AbstractTransferListenerAdapter - Downloaded https://repo.maven.apache.org/maven2/org/springframework/cloud/spring-cloud-starter-netflix-hystrix/1.4.4.RELEASE/spring-cloud-starter-netflix-hystrix-1.4.4.RELEASE.jar
2019-03-10 17:07:10,694 [Worker-15: Building workspace] INFO  o.e.m.c.i.embedder.EclipseLogger - Using 'UTF-8' encoding to copy filtered resources.
2019-03-10 17:07:10,694 [Worker-15: Building workspace] INFO  o.e.m.c.i.embedder.EclipseLogger - Copying 0 resource
2019-03-10 17:07:10,694 [Worker-15: Building workspace] INFO  o.e.m.c.i.embedder.EclipseLogger - Copying 0 resource
2019-03-10 17:07:10,694 [Worker-15: Building workspace] INFO  o.e.m.c.i.embedder.EclipseLogger - Using 'UTF-8' encoding to copy filtered resources.
2019-03-10 17:07:10,694 [Worker-15: Building workspace] INFO  o.e.m.c.i.embedder.EclipseLogger - skip non existing resourceDirectory D:\MICROSERVICES ADVANCED\MicroservicesAPIGatewaysWorkspace\FlightsWebSite\src\test\resources
2019-03-10 17:07:12,714 [Worker-16: Building workspace] INFO  o.e.m.c.i.embedder.EclipseLogger - Using 'UTF-8' encoding to copy filtered resources.
2019-03-10 17:07:12,714 [Worker-16: Building workspace] INFO  o.e.m.c.i.embedder.EclipseLogger - Copying 0 resource
2019-03-10 17:07:12,714 [Worker-16: Building workspace] INFO  o.e.m.c.i.embedder.EclipseLogger - Copying 8 resources
2019-03-10 17:07:12,746 [Worker-16: Building workspace] INFO  o.e.m.c.i.embedder.EclipseLogger - Using 'UTF-8' encoding to copy filtered resources.
2019-03-10 17:07:12,746 [Worker-16: Building workspace] INFO  o.e.m.c.i.embedder.EclipseLogger - skip non existing resourceDirectory D:\MICROSERVICES ADVANCED\MicroservicesAPIGatewaysWorkspace\FlightsWebSite\src\test\resources
2019-03-10 17:07:12,993 [Worker-26: Download sources and javadoc] INFO  o.e.m.c.i.e.AbstractTransferListenerAdapter - Downloading https://repo.maven.apache.org/maven2/org/springframework/cloud/spring-cloud-starter-zuul/1.4.4.RELEASE/spring-cloud-starter-zuul-1.4.4.RELEASE-sources.jar
2019-03-10 17:07:13,129 [Worker-26: Download sources and javadoc] INFO  o.e.m.c.i.e.AbstractTransferListenerAdapter - Downloaded https://repo.maven.apache.org/maven2/org/springframework/cloud/spring-cloud-starter-zuul/1.4.4.RELEASE/spring-cloud-starter-zuul-1.4.4.RELEASE-sources.jar
2019-03-10 17:07:13,351 [Worker-26: Download sources and javadoc] INFO  o.e.m.j.internal.DownloadSourcesJob - Downloaded sources for org.springframework.cloud:spring-cloud-starter-zuul:1.4.4.RELEASE
2019-03-10 17:07:13,465 [Worker-26: Download sources and javadoc] INFO  o.e.m.c.i.e.AbstractTransferListenerAdapter - Downloading https://repo.maven.apache.org/maven2/org/springframework/cloud/spring-cloud-starter-netflix-zuul/1.4.4.RELEASE/spring-cloud-starter-netflix-zuul-1.4.4.RELEASE-sources.jar
2019-03-10 17:07:13,694 [Worker-26: Download sources and javadoc] INFO  o.e.m.c.i.e.AbstractTransferListenerAdapter - Downloaded https://repo.maven.apache.org/maven2/org/springframework/cloud/spring-cloud-starter-netflix-zuul/1.4.4.RELEASE/spring-cloud-starter-netflix-zuul-1.4.4.RELEASE-sources.jar
2019-03-10 17:07:13,835 [Worker-26: Download sources and javadoc] INFO  o.e.m.j.internal.DownloadSourcesJob - Downloaded sources for org.springframework.cloud:spring-cloud-starter-netflix-zuul:1.4.4.RELEASE
2019-03-10 17:07:13,975 [Worker-26: Download sources and javadoc] INFO  o.e.m.c.i.e.AbstractTransferListenerAdapter - Downloading https://repo.maven.apache.org/maven2/org/springframework/cloud/spring-cloud-starter-netflix-hystrix/1.4.4.RELEASE/spring-cloud-starter-netflix-hystrix-1.4.4.RELEASE-sources.jar
2019-03-10 17:07:14,116 [Worker-26: Download sources and javadoc] INFO  o.e.m.c.i.e.AbstractTransferListenerAdapter - Downloaded https://repo.maven.apache.org/maven2/org/springframework/cloud/spring-cloud-starter-netflix-hystrix/1.4.4.RELEASE/spring-cloud-starter-netflix-hystrix-1.4.4.RELEASE-sources.jar
2019-03-10 17:07:14,281 [Worker-26: Download sources and javadoc] INFO  o.e.m.j.internal.DownloadSourcesJob - Downloaded sources for org.springframework.cloud:spring-cloud-starter-netflix-hystrix:1.4.4.RELEASE
2019-03-10 17:07:14,960 [Worker-15: Building workspace] INFO  o.e.m.c.i.embedder.EclipseLogger - Using 'UTF-8' encoding to copy filtered resources.
2019-03-10 17:07:14,960 [Worker-15: Building workspace] INFO  o.e.m.c.i.embedder.EclipseLogger - Copying 0 resource
2019-03-10 17:07:14,960 [Worker-15: Building workspace] INFO  o.e.m.c.i.embedder.EclipseLogger - Copying 0 resource
2019-03-10 17:07:14,960 [Worker-15: Building workspace] INFO  o.e.m.c.i.embedder.EclipseLogger - Using 'UTF-8' encoding to copy filtered resources.
2019-03-10 17:07:14,960 [Worker-15: Building workspace] INFO  o.e.m.c.i.embedder.EclipseLogger - skip non existing resourceDirectory D:\MICROSERVICES ADVANCED\MicroservicesAPIGatewaysWorkspace\FlightsWebSite\src\test\resources
2019-03-10 17:07:19,169 [Worker-15: Building workspace] INFO  o.e.m.c.i.embedder.EclipseLogger - Using 'UTF-8' encoding to copy filtered resources.
2019-03-10 17:07:19,170 [Worker-15: Building workspace] INFO  o.e.m.c.i.embedder.EclipseLogger - Copying 0 resource
2019-03-10 17:07:19,172 [Worker-15: Building workspace] INFO  o.e.m.c.i.embedder.EclipseLogger - Copying 8 resources
2019-03-10 17:07:19,175 [Worker-15: Building workspace] INFO  o.e.m.c.i.embedder.EclipseLogger - Using 'UTF-8' encoding to copy filtered resources.
2019-03-10 17:07:19,175 [Worker-15: Building workspace] INFO  o.e.m.c.i.embedder.EclipseLogger - skip non existing resourceDirectory D:\MICROSERVICES ADVANCED\MicroservicesAPIGatewaysWorkspace\FlightsWebSite\src\test\resources
2019-03-10 17:15:32,887 [Worker-25: Building workspace] INFO  o.e.m.c.i.l.LifecycleMappingFactory - Using org.eclipse.m2e.jdt.JarLifecycleMapping lifecycle mapping for MavenProject: edu.aspire:FlightsWebSite:1 @ D:\MICROSERVICES ADVANCED\MicroservicesAPIGatewaysWorkspace\FlightsWebSite\pom.xml.
2019-03-10 17:15:33,957 [Worker-25: Building workspace] INFO  o.e.m.c.i.embedder.EclipseLogger - Using 'UTF-8' encoding to copy filtered resources.
2019-03-10 17:15:33,957 [Worker-25: Building workspace] INFO  o.e.m.c.i.embedder.EclipseLogger - Copying 0 resource
2019-03-10 17:15:33,957 [Worker-25: Building workspace] INFO  o.e.m.c.i.embedder.EclipseLogger - Copying 0 resource
2019-03-10 17:15:33,957 [Worker-25: Building workspace] INFO  o.e.m.c.i.embedder.EclipseLogger - Using 'UTF-8' encoding to copy filtered resources.
2019-03-10 17:15:33,957 [Worker-25: Building workspace] INFO  o.e.m.c.i.embedder.EclipseLogger - skip non existing resourceDirectory D:\MICROSERVICES ADVANCED\MicroservicesAPIGatewaysWorkspace\FlightsWebSite\src\test\resources
2019-03-10 17:15:36,490 [Worker-15: Building workspace] INFO  o.e.m.c.i.embedder.EclipseLogger - Using 'UTF-8' encoding to copy filtered resources.
2019-03-10 17:15:36,490 [Worker-15: Building workspace] INFO  o.e.m.c.i.embedder.EclipseLogger - Copying 0 resource
2019-03-10 17:15:36,490 [Worker-15: Building workspace] INFO  o.e.m.c.i.embedder.EclipseLogger - Copying 8 resources
2019-03-10 17:15:36,521 [Worker-15: Building workspace] INFO  o.e.m.c.i.embedder.EclipseLogger - Using 'UTF-8' encoding to copy filtered resources.
2019-03-10 17:15:36,521 [Worker-15: Building workspace] INFO  o.e.m.c.i.embedder.EclipseLogger - skip non existing resourceDirectory D:\MICROSERVICES ADVANCED\MicroservicesAPIGatewaysWorkspace\FlightsWebSite\src\test\resources
2019-03-10 17:24:16,870 [Worker-25: Building workspace] INFO  o.e.m.c.i.embedder.EclipseLogger - Using 'UTF-8' encoding to copy filtered resources.
2019-03-10 17:24:16,870 [Worker-25: Building workspace] INFO  o.e.m.c.i.embedder.EclipseLogger - Copying 0 resource
2019-03-10 17:24:16,870 [Worker-25: Building workspace] INFO  o.e.m.c.i.embedder.EclipseLogger - Copying 8 resources
2019-03-10 17:24:16,870 [Worker-25: Building workspace] INFO  o.e.m.c.i.embedder.EclipseLogger - Using 'UTF-8' encoding to copy filtered resources.
2019-03-10 17:24:16,870 [Worker-25: Building workspace] INFO  o.e.m.c.i.embedder.EclipseLogger - skip non existing resourceDirectory D:\MICROSERVICES ADVANCED\MicroservicesAPIGatewaysWorkspace\FlightsWebSite\src\test\resources
2019-03-10 17:24:38,885 [Worker-16: Building workspace] INFO  o.e.m.c.i.embedder.EclipseLogger - Using 'UTF-8' encoding to copy filtered resources.
2019-03-10 17:24:38,885 [Worker-16: Building workspace] INFO  o.e.m.c.i.embedder.EclipseLogger - Copying 0 resource
2019-03-10 17:24:38,885 [Worker-16: Building workspace] INFO  o.e.m.c.i.embedder.EclipseLogger - Copying 8 resources
2019-03-10 17:24:38,885 [Worker-16: Building workspace] INFO  o.e.m.c.i.embedder.EclipseLogger - Using 'UTF-8' encoding to copy filtered resources.
2019-03-10 17:24:38,885 [Worker-16: Building workspace] INFO  o.e.m.c.i.embedder.EclipseLogger - skip non existing resourceDirectory D:\MICROSERVICES ADVANCED\MicroservicesAPIGatewaysWorkspace\FlightsWebSite\src\test\resources
2019-03-10 17:31:10,353 [Worker-27: Building workspace] INFO  o.e.m.c.i.embedder.EclipseLogger - Using 'UTF-8' encoding to copy filtered resources.
2019-03-10 17:31:10,353 [Worker-27: Building workspace] INFO  o.e.m.c.i.embedder.EclipseLogger - Copying 0 resource
2019-03-10 17:31:10,353 [Worker-27: Building workspace] INFO  o.e.m.c.i.embedder.EclipseLogger - Copying 8 resources
2019-03-10 17:31:10,369 [Worker-27: Building workspace] INFO  o.e.m.c.i.embedder.EclipseLogger - Using 'UTF-8' encoding to copy filtered resources.
2019-03-10 17:31:10,369 [Worker-27: Building workspace] INFO  o.e.m.c.i.embedder.EclipseLogger - skip non existing resourceDirectory D:\MICROSERVICES ADVANCED\MicroservicesAPIGatewaysWorkspace\FlightsWebSite\src\test\resources
2019-03-10 17:32:06,681 [Worker-27: Building workspace] INFO  o.e.m.c.i.embedder.EclipseLogger - Using 'UTF-8' encoding to copy filtered resources.
2019-03-10 17:32:06,681 [Worker-27: Building workspace] INFO  o.e.m.c.i.embedder.EclipseLogger - Copying 0 resource
2019-03-10 17:32:06,681 [Worker-27: Building workspace] INFO  o.e.m.c.i.embedder.EclipseLogger - Copying 8 resources
2019-03-10 17:32:06,681 [Worker-27: Building workspace] INFO  o.e.m.c.i.embedder.EclipseLogger - Using 'UTF-8' encoding to copy filtered resources.
2019-03-10 17:32:06,681 [Worker-27: Building workspace] INFO  o.e.m.c.i.embedder.EclipseLogger - skip non existing resourceDirectory D:\MICROSERVICES ADVANCED\MicroservicesAPIGatewaysWorkspace\FlightsWebSite\src\test\resources
2019-03-10 17:32:10,259 [Worker-26: Building workspace] INFO  o.e.m.c.i.embedder.EclipseLogger - Using 'UTF-8' encoding to copy filtered resources.
2019-03-10 17:32:10,259 [Worker-26: Building workspace] INFO  o.e.m.c.i.embedder.EclipseLogger - Copying 0 resource
2019-03-10 17:32:10,259 [Worker-26: Building workspace] INFO  o.e.m.c.i.embedder.EclipseLogger - Copying 8 resources
2019-03-10 17:32:10,259 [Worker-26: Building workspace] INFO  o.e.m.c.i.embedder.EclipseLogger - Using 'UTF-8' encoding to copy filtered resources.
2019-03-10 17:32:10,259 [Worker-26: Building workspace] INFO  o.e.m.c.i.embedder.EclipseLogger - skip non existing resourceDirectory D:\MICROSERVICES ADVANCED\MicroservicesAPIGatewaysWorkspace\FlightsWebSite\src\test\resources
2019-03-12 09:40:00,420 [Worker-6: Loading available Gradle versions] INFO  o.e.b.c.i.u.g.PublishedGradleVersions - Gradle version information cache is out-of-date. Trying to update.
2019-03-12 10:06:17,916 [Worker-4: Building workspace] INFO  o.e.m.c.i.embedder.EclipseLogger - Using 'UTF-8' encoding to copy filtered resources.
2019-03-12 10:06:17,919 [Worker-4: Building workspace] INFO  o.e.m.c.i.embedder.EclipseLogger - Copying 0 resource
2019-03-12 10:06:17,919 [Worker-4: Building workspace] INFO  o.e.m.c.i.embedder.EclipseLogger - Copying 8 resources
2019-03-12 10:06:17,945 [Worker-4: Building workspace] INFO  o.e.m.c.i.embedder.EclipseLogger - Using 'UTF-8' encoding to copy filtered resources.
2019-03-12 10:06:17,945 [Worker-4: Building workspace] INFO  o.e.m.c.i.embedder.EclipseLogger - skip non existing resourceDirectory D:\MICROSERVICES ADVANCED\MicroservicesAPIGatewaysWorkspace\FlightsWebSite\src\test\resources
2019-03-12 10:06:24,692 [Worker-16: Building workspace] INFO  o.e.m.c.i.embedder.EclipseLogger - Using 'UTF-8' encoding to copy filtered resources.
2019-03-12 10:06:24,707 [Worker-16: Building workspace] INFO  o.e.m.c.i.embedder.EclipseLogger - Copying 0 resource
2019-03-12 10:06:24,707 [Worker-16: Building workspace] INFO  o.e.m.c.i.embedder.EclipseLogger - Copying 8 resources
2019-03-12 10:06:24,707 [Worker-16: Building workspace] INFO  o.e.m.c.i.embedder.EclipseLogger - Using 'UTF-8' encoding to copy filtered resources.
2019-03-12 10:06:24,707 [Worker-16: Building workspace] INFO  o.e.m.c.i.embedder.EclipseLogger - skip non existing resourceDirectory D:\MICROSERVICES ADVANCED\MicroservicesAPIGatewaysWorkspace\FlightsWebSite\src\test\resources
2019-03-12 10:07:03,658 [Worker-4: Building workspace] INFO  o.e.m.c.i.l.LifecycleMappingFactory - Using org.eclipse.m2e.jdt.JarLifecycleMapping lifecycle mapping for MavenProject: edu.aspire:FlightsWebSite:1 @ D:\MICROSERVICES ADVANCED\MicroservicesAPIGatewaysWorkspace\FlightsWebSite\pom.xml.
2019-03-12 10:07:07,171 [Worker-4: Building workspace] INFO  o.e.m.c.i.embedder.EclipseLogger - Using 'UTF-8' encoding to copy filtered resources.
2019-03-12 10:07:07,171 [Worker-4: Building workspace] INFO  o.e.m.c.i.embedder.EclipseLogger - Copying 0 resource
2019-03-12 10:07:07,171 [Worker-4: Building workspace] INFO  o.e.m.c.i.embedder.EclipseLogger - Copying 0 resource
2019-03-12 10:07:07,186 [Worker-4: Building workspace] INFO  o.e.m.c.i.embedder.EclipseLogger - Using 'UTF-8' encoding to copy filtered resources.
2019-03-12 10:07:07,187 [Worker-4: Building workspace] INFO  o.e.m.c.i.embedder.EclipseLogger - skip non existing resourceDirectory D:\MICROSERVICES ADVANCED\MicroservicesAPIGatewaysWorkspace\FlightsWebSite\src\test\resources
2019-03-12 10:07:11,266 [Worker-13: Building workspace] INFO  o.e.m.c.i.embedder.EclipseLogger - Using 'UTF-8' encoding to copy filtered resources.
2019-03-12 10:07:11,266 [Worker-13: Building workspace] INFO  o.e.m.c.i.embedder.EclipseLogger - Copying 0 resource
2019-03-12 10:07:11,269 [Worker-13: Building workspace] INFO  o.e.m.c.i.embedder.EclipseLogger - Copying 8 resources
2019-03-12 10:07:11,327 [Worker-13: Building workspace] INFO  o.e.m.c.i.embedder.EclipseLogger - Using 'UTF-8' encoding to copy filtered resources.
2019-03-12 10:07:11,327 [Worker-13: Building workspace] INFO  o.e.m.c.i.embedder.EclipseLogger - skip non existing resourceDirectory D:\MICROSERVICES ADVANCED\MicroservicesAPIGatewaysWorkspace\FlightsWebSite\src\test\resources
2019-03-12 10:07:12,576 [Worker-13: Building workspace] INFO  o.e.m.c.i.l.LifecycleMappingFactory - Using org.eclipse.m2e.jdt.JarLifecycleMapping lifecycle mapping for MavenProject: edu.aspire:FlightsWebSite:1 @ D:\MICROSERVICES ADVANCED\MicroservicesAPIGatewaysWorkspace\FlightsWebSite\pom.xml.
2019-03-12 10:07:13,853 [Worker-13: Building workspace] INFO  o.e.m.c.i.embedder.EclipseLogger - Using 'UTF-8' encoding to copy filtered resources.
2019-03-12 10:07:13,867 [Worker-13: Building workspace] INFO  o.e.m.c.i.embedder.EclipseLogger - Copying 0 resource
2019-03-12 10:07:13,868 [Worker-13: Building workspace] INFO  o.e.m.c.i.embedder.EclipseLogger - Copying 0 resource
2019-03-12 10:07:13,871 [Worker-13: Building workspace] INFO  o.e.m.c.i.embedder.EclipseLogger - Using 'UTF-8' encoding to copy filtered resources.
2019-03-12 10:07:13,871 [Worker-13: Building workspace] INFO  o.e.m.c.i.embedder.EclipseLogger - skip non existing resourceDirectory D:\MICROSERVICES ADVANCED\MicroservicesAPIGatewaysWorkspace\FlightsWebSite\src\test\resources
2019-03-12 10:07:34,984 [Worker-16: Building workspace] INFO  o.e.m.c.i.embedder.EclipseLogger - Using 'UTF-8' encoding to copy filtered resources.
2019-03-12 10:07:34,986 [Worker-16: Building workspace] INFO  o.e.m.c.i.embedder.EclipseLogger - Copying 0 resource
2019-03-12 10:07:34,986 [Worker-16: Building workspace] INFO  o.e.m.c.i.embedder.EclipseLogger - Copying 8 resources
2019-03-12 10:07:34,992 [Worker-16: Building workspace] INFO  o.e.m.c.i.embedder.EclipseLogger - Using 'UTF-8' encoding to copy filtered resources.
2019-03-12 10:07:34,992 [Worker-16: Building workspace] INFO  o.e.m.c.i.embedder.EclipseLogger - skip non existing resourceDirectory D:\MICROSERVICES ADVANCED\MicroservicesAPIGatewaysWorkspace\FlightsWebSite\src\test\resources
2019-03-13 09:56:57,240 [Worker-3: Loading available Gradle versions] INFO  o.e.b.c.i.u.g.PublishedGradleVersions - Gradle version information cache is out-of-date. Trying to update.
2019-03-13 10:09:03,142 [Worker-18: Building workspace] INFO  o.e.m.c.i.l.LifecycleMappingFactory - Using org.eclipse.m2e.jdt.JarLifecycleMapping lifecycle mapping for MavenProject: edu.aspire:common-apigateway:1 @ D:\MICROSERVICES ADVANCED\MicroservicesAPIGatewaysWorkspace\common-apigateway\pom.xml.
2019-03-13 10:09:05,918 [Worker-18: Building workspace] INFO  o.e.m.c.i.embedder.EclipseLogger - Using 'UTF-8' encoding to copy filtered resources.
2019-03-13 10:09:05,966 [Worker-18: Building workspace] INFO  o.e.m.c.i.embedder.EclipseLogger - Copying 0 resource
2019-03-13 10:09:05,967 [Worker-18: Building workspace] INFO  o.e.m.c.i.embedder.EclipseLogger - Copying 1 resource
2019-03-13 10:09:05,978 [Worker-18: Building workspace] INFO  o.e.m.c.i.embedder.EclipseLogger - Using 'UTF-8' encoding to copy filtered resources.
2019-03-13 10:09:05,978 [Worker-18: Building workspace] INFO  o.e.m.c.i.embedder.EclipseLogger - skip non existing resourceDirectory D:\MICROSERVICES ADVANCED\MicroservicesAPIGatewaysWorkspace\common-apigateway\src\test\resources
2019-03-13 10:09:11,303 [Worker-4: Building workspace] INFO  o.e.m.c.i.embedder.EclipseLogger - Using 'UTF-8' encoding to copy filtered resources.
2019-03-13 10:09:11,312 [Worker-4: Building workspace] INFO  o.e.m.c.i.embedder.EclipseLogger - Copying 0 resource
2019-03-13 10:09:11,314 [Worker-4: Building workspace] INFO  o.e.m.c.i.embedder.EclipseLogger - Copying 1 resource
2019-03-13 10:09:11,327 [Worker-4: Building workspace] INFO  o.e.m.c.i.embedder.EclipseLogger - Using 'UTF-8' encoding to copy filtered resources.
2019-03-13 10:09:11,328 [Worker-4: Building workspace] INFO  o.e.m.c.i.embedder.EclipseLogger - skip non existing resourceDirectory D:\MICROSERVICES ADVANCED\MicroservicesAPIGatewaysWorkspace\common-apigateway\src\test\resources
2019-03-13 10:09:14,240 [Worker-3: Building workspace] INFO  o.e.m.c.i.l.LifecycleMappingFactory - Using org.eclipse.m2e.jdt.JarLifecycleMapping lifecycle mapping for MavenProject: edu.aspire:common-apigateway:1 @ D:\MICROSERVICES ADVANCED\MicroservicesAPIGatewaysWorkspace\common-apigateway\pom.xml.
2019-03-13 10:09:16,851 [Worker-3: Building workspace] INFO  o.e.m.c.i.embedder.EclipseLogger - Using 'UTF-8' encoding to copy filtered resources.
2019-03-13 10:09:16,854 [Worker-3: Building workspace] INFO  o.e.m.c.i.embedder.EclipseLogger - Copying 0 resource
2019-03-13 10:09:16,855 [Worker-3: Building workspace] INFO  o.e.m.c.i.embedder.EclipseLogger - Copying 0 resource
2019-03-13 10:09:16,864 [Worker-3: Building workspace] INFO  o.e.m.c.i.embedder.EclipseLogger - Using 'UTF-8' encoding to copy filtered resources.
2019-03-13 10:09:16,864 [Worker-3: Building workspace] INFO  o.e.m.c.i.embedder.EclipseLogger - skip non existing resourceDirectory D:\MICROSERVICES ADVANCED\MicroservicesAPIGatewaysWorkspace\common-apigateway\src\test\resources
2019-03-13 10:09:21,330 [Worker-18: Building workspace] INFO  o.e.m.c.i.embedder.EclipseLogger - Using 'UTF-8' encoding to copy filtered resources.
2019-03-13 10:09:21,331 [Worker-18: Building workspace] INFO  o.e.m.c.i.embedder.EclipseLogger - Copying 0 resource
2019-03-13 10:09:21,332 [Worker-18: Building workspace] INFO  o.e.m.c.i.embedder.EclipseLogger - Copying 1 resource
2019-03-13 10:09:21,365 [Worker-18: Building workspace] INFO  o.e.m.c.i.embedder.EclipseLogger - Using 'UTF-8' encoding to copy filtered resources.
2019-03-13 10:09:21,365 [Worker-18: Building workspace] INFO  o.e.m.c.i.embedder.EclipseLogger - skip non existing resourceDirectory D:\MICROSERVICES ADVANCED\MicroservicesAPIGatewaysWorkspace\common-apigateway\src\test\resources
2019-03-13 10:23:16,201 [Worker-11: Building workspace] INFO  o.e.m.c.i.embedder.EclipseLogger - Using 'UTF-8' encoding to copy filtered resources.
2019-03-13 10:23:16,203 [Worker-11: Building workspace] INFO  o.e.m.c.i.embedder.EclipseLogger - Copying 0 resource
2019-03-13 10:23:16,204 [Worker-11: Building workspace] INFO  o.e.m.c.i.embedder.EclipseLogger - Copying 1 resource
2019-03-13 10:23:16,207 [Worker-11: Building workspace] INFO  o.e.m.c.i.embedder.EclipseLogger - Using 'UTF-8' encoding to copy filtered resources.
2019-03-13 10:23:16,208 [Worker-11: Building workspace] INFO  o.e.m.c.i.embedder.EclipseLogger - skip non existing resourceDirectory D:\MICROSERVICES ADVANCED\MicroservicesAPIGatewaysWorkspace\common-apigateway\src\test\resources
2019-03-13 10:29:15,369 [Worker-22: Building workspace] INFO  o.e.m.c.i.embedder.EclipseLogger - Using 'UTF-8' encoding to copy filtered resources.
2019-03-13 10:29:15,370 [Worker-22: Building workspace] INFO  o.e.m.c.i.embedder.EclipseLogger - Copying 0 resource
2019-03-13 10:29:15,371 [Worker-22: Building workspace] INFO  o.e.m.c.i.embedder.EclipseLogger - Copying 8 resources
2019-03-13 10:29:15,379 [Worker-22: Building workspace] INFO  o.e.m.c.i.embedder.EclipseLogger - Using 'UTF-8' encoding to copy filtered resources.
2019-03-13 10:29:15,380 [Worker-22: Building workspace] INFO  o.e.m.c.i.embedder.EclipseLogger - skip non existing resourceDirectory D:\MICROSERVICES ADVANCED\MicroservicesAPIGatewaysWorkspace\FlightsWebSite\src\test\resources
2019-03-13 10:29:49,666 [Worker-26: Building workspace] INFO  o.e.m.c.i.embedder.EclipseLogger - Using 'UTF-8' encoding to copy filtered resources.
2019-03-13 10:29:49,668 [Worker-26: Building workspace] INFO  o.e.m.c.i.embedder.EclipseLogger - Copying 0 resource
2019-03-13 10:29:49,670 [Worker-26: Building workspace] INFO  o.e.m.c.i.embedder.EclipseLogger - Copying 8 resources
2019-03-13 10:29:49,678 [Worker-26: Building workspace] INFO  o.e.m.c.i.embedder.EclipseLogger - Using 'UTF-8' encoding to copy filtered resources.
2019-03-13 10:29:49,678 [Worker-26: Building workspace] INFO  o.e.m.c.i.embedder.EclipseLogger - skip non existing resourceDirectory D:\MICROSERVICES ADVANCED\MicroservicesAPIGatewaysWorkspace\FlightsWebSite\src\test\resources
2019-03-13 10:34:10,794 [Worker-27: Building workspace] INFO  o.e.m.c.i.embedder.EclipseLogger - Using 'UTF-8' encoding to copy filtered resources.
2019-03-13 10:34:10,798 [Worker-27: Building workspace] INFO  o.e.m.c.i.embedder.EclipseLogger - Copying 0 resource
2019-03-13 10:34:10,815 [Worker-27: Building workspace] INFO  o.e.m.c.i.embedder.EclipseLogger - Copying 8 resources
2019-03-13 10:34:10,824 [Worker-27: Building workspace] INFO  o.e.m.c.i.embedder.EclipseLogger - Using 'UTF-8' encoding to copy filtered resources.
2019-03-13 10:34:10,824 [Worker-27: Building workspace] INFO  o.e.m.c.i.embedder.EclipseLogger - skip non existing resourceDirectory D:\MICROSERVICES ADVANCED\MicroservicesAPIGatewaysWorkspace\FlightsWebSite\src\test\resources
2019-03-13 10:40:11,739 [Worker-18: Building workspace] INFO  o.e.m.c.i.embedder.EclipseLogger - Using 'UTF-8' encoding to copy filtered resources.
2019-03-13 10:40:11,740 [Worker-18: Building workspace] INFO  o.e.m.c.i.embedder.EclipseLogger - Copying 0 resource
2019-03-13 10:40:11,740 [Worker-18: Building workspace] INFO  o.e.m.c.i.embedder.EclipseLogger - Copying 1 resource
2019-03-13 10:40:11,744 [Worker-18: Building workspace] INFO  o.e.m.c.i.embedder.EclipseLogger - Using 'UTF-8' encoding to copy filtered resources.
2019-03-13 10:40:11,744 [Worker-18: Building workspace] INFO  o.e.m.c.i.embedder.EclipseLogger - skip non existing resourceDirectory D:\MICROSERVICES ADVANCED\MicroservicesAPIGatewaysWorkspace\BookingFlightTickets\src\test\resources
2019-03-13 10:41:37,586 [Worker-11: Building workspace] INFO  o.e.m.c.i.embedder.EclipseLogger - Using 'UTF-8' encoding to copy filtered resources.
2019-03-13 10:41:37,587 [Worker-11: Building workspace] INFO  o.e.m.c.i.embedder.EclipseLogger - Copying 0 resource
2019-03-13 10:41:37,589 [Worker-11: Building workspace] INFO  o.e.m.c.i.embedder.EclipseLogger - Copying 1 resource
2019-03-13 10:41:37,596 [Worker-11: Building workspace] INFO  o.e.m.c.i.embedder.EclipseLogger - Using 'UTF-8' encoding to copy filtered resources.
2019-03-13 10:41:37,596 [Worker-11: Building workspace] INFO  o.e.m.c.i.embedder.EclipseLogger - skip non existing resourceDirectory D:\MICROSERVICES ADVANCED\MicroservicesAPIGatewaysWorkspace\BookingFlightTickets\src\test\resources
2019-03-13 10:47:33,825 [Worker-11: Building workspace] INFO  o.e.m.c.i.embedder.EclipseLogger - Using 'UTF-8' encoding to copy filtered resources.
2019-03-13 10:47:33,826 [Worker-11: Building workspace] INFO  o.e.m.c.i.embedder.EclipseLogger - Copying 0 resource
2019-03-13 10:47:33,826 [Worker-11: Building workspace] INFO  o.e.m.c.i.embedder.EclipseLogger - Copying 1 resource
2019-03-13 10:47:33,833 [Worker-11: Building workspace] INFO  o.e.m.c.i.embedder.EclipseLogger - Using 'UTF-8' encoding to copy filtered resources.
2019-03-13 10:47:33,833 [Worker-11: Building workspace] INFO  o.e.m.c.i.embedder.EclipseLogger - skip non existing resourceDirectory D:\MICROSERVICES ADVANCED\MicroservicesAPIGatewaysWorkspace\CheckInCustomers\src\test\resources
2019-03-14 10:03:38,560 [Worker-4: Loading available Gradle versions] INFO  o.e.b.c.i.u.g.PublishedGradleVersions - Gradle version information cache is out-of-date. Trying to update.
